mode: set
github.com/rminnich/go9p/ufs/ufs.go:19.13,32.16 10 0
github.com/rminnich/go9p/ufs/ufs.go:32.16,34.3 1 0
github.com/rminnich/go9p/clnt_clnt.go:85.39,88.27 2 1
github.com/rminnich/go9p/clnt_clnt.go:88.27,90.3 1 1
github.com/rminnich/go9p/clnt_clnt.go:90.8,92.3 1 1
github.com/rminnich/go9p/clnt_clnt.go:94.2,96.21 3 1
github.com/rminnich/go9p/clnt_clnt.go:96.21,99.3 2 0
github.com/rminnich/go9p/clnt_clnt.go:101.2,101.25 1 1
github.com/rminnich/go9p/clnt_clnt.go:101.25,103.3 1 0
github.com/rminnich/go9p/clnt_clnt.go:103.8,105.3 1 1
github.com/rminnich/go9p/clnt_clnt.go:107.2,112.12 5 1
github.com/rminnich/go9p/clnt_clnt.go:115.57,120.16 5 1
github.com/rminnich/go9p/clnt_clnt.go:120.16,122.3 1 0
github.com/rminnich/go9p/clnt_clnt.go:124.2,128.8 5 1
github.com/rminnich/go9p/clnt_clnt.go:131.26,137.6 5 1
github.com/rminnich/go9p/clnt_clnt.go:137.6,140.27 2 1
github.com/rminnich/go9p/clnt_clnt.go:140.27,145.4 4 1
github.com/rminnich/go9p/clnt_clnt.go:147.3,148.28 2 1
github.com/rminnich/go9p/clnt_clnt.go:148.28,153.15 5 1
github.com/rminnich/go9p/clnt_clnt.go:156.3,157.15 2 1
github.com/rminnich/go9p/clnt_clnt.go:157.15,159.21 2 1
github.com/rminnich/go9p/clnt_clnt.go:159.21,160.27 1 1
github.com/rminnich/go9p/clnt_clnt.go:160.27,165.6 4 0
github.com/rminnich/go9p/clnt_clnt.go:167.5,167.10 1 1
github.com/rminnich/go9p/clnt_clnt.go:170.4,172.18 3 1
github.com/rminnich/go9p/clnt_clnt.go:172.18,176.16 4 0
github.com/rminnich/go9p/clnt_clnt.go:179.4,179.27 1 1
github.com/rminnich/go9p/clnt_clnt.go:179.27,181.45 2 0
github.com/rminnich/go9p/clnt_clnt.go:181.45,183.6 1 0
github.com/rminnich/go9p/clnt_clnt.go:185.5,185.44 1 0
github.com/rminnich/go9p/clnt_clnt.go:185.44,187.6 1 0
github.com/rminnich/go9p/clnt_clnt.go:190.4,191.48 2 1
github.com/rminnich/go9p/clnt_clnt.go:191.48,192.27 1 1
github.com/rminnich/go9p/clnt_clnt.go:192.27,193.11 1 1
github.com/rminnich/go9p/clnt_clnt.go:197.4,197.16 1 1
github.com/rminnich/go9p/clnt_clnt.go:197.16,201.16 4 0
github.com/rminnich/go9p/clnt_clnt.go:204.4,205.21 2 1
github.com/rminnich/go9p/clnt_clnt.go:205.21,207.5 1 0
github.com/rminnich/go9p/clnt_clnt.go:207.10,209.5 1 1
github.com/rminnich/go9p/clnt_clnt.go:211.4,211.21 1 1
github.com/rminnich/go9p/clnt_clnt.go:211.21,213.5 1 0
github.com/rminnich/go9p/clnt_clnt.go:213.10,215.5 1 1
github.com/rminnich/go9p/clnt_clnt.go:216.4,218.32 2 1
github.com/rminnich/go9p/clnt_clnt.go:218.32,219.28 1 1
github.com/rminnich/go9p/clnt_clnt.go:219.28,223.6 3 0
github.com/rminnich/go9p/clnt_clnt.go:223.11,224.22 1 1
github.com/rminnich/go9p/clnt_clnt.go:224.22,226.7 1 1
github.com/rminnich/go9p/clnt_clnt.go:230.4,230.21 1 1
github.com/rminnich/go9p/clnt_clnt.go:230.21,232.5 1 1
github.com/rminnich/go9p/clnt_clnt.go:234.4,235.22 2 1
github.com/rminnich/go9p/clnt_clnt.go:240.2,247.16 6 1
github.com/rminnich/go9p/clnt_clnt.go:247.16,249.3 1 0
github.com/rminnich/go9p/clnt_clnt.go:250.2,251.29 2 1
github.com/rminnich/go9p/clnt_clnt.go:251.29,253.20 2 0
github.com/rminnich/go9p/clnt_clnt.go:253.20,255.4 1 0
github.com/rminnich/go9p/clnt_clnt.go:258.2,259.22 2 1
github.com/rminnich/go9p/clnt_clnt.go:259.22,261.3 1 1
github.com/rminnich/go9p/clnt_clnt.go:261.8,263.3 1 0
github.com/rminnich/go9p/clnt_clnt.go:265.2,265.22 1 1
github.com/rminnich/go9p/clnt_clnt.go:265.22,267.3 1 0
github.com/rminnich/go9p/clnt_clnt.go:267.8,269.3 1 1
github.com/rminnich/go9p/clnt_clnt.go:270.2,272.51 2 1
github.com/rminnich/go9p/clnt_clnt.go:272.51,274.3 1 0
github.com/rminnich/go9p/clnt_clnt.go:277.26,278.6 1 1
github.com/rminnich/go9p/clnt_clnt.go:278.6,279.10 1 1
github.com/rminnich/go9p/clnt_clnt.go:280.20,281.10 1 1
github.com/rminnich/go9p/clnt_clnt.go:283.29,284.27 1 1
github.com/rminnich/go9p/clnt_clnt.go:284.27,286.45 2 0
github.com/rminnich/go9p/clnt_clnt.go:286.45,288.6 1 0
github.com/rminnich/go9p/clnt_clnt.go:290.5,290.44 1 0
github.com/rminnich/go9p/clnt_clnt.go:290.44,292.6 1 0
github.com/rminnich/go9p/clnt_clnt.go:295.4,295.41 1 1
github.com/rminnich/go9p/clnt_clnt.go:295.41,297.19 2 1
github.com/rminnich/go9p/clnt_clnt.go:297.19,300.11 2 0
github.com/rminnich/go9p/clnt_clnt.go:303.5,303.18 1 1
github.com/rminnich/go9p/clnt_clnt.go:311.57,329.27 16 1
github.com/rminnich/go9p/clnt_clnt.go:329.27,331.3 1 1
github.com/rminnich/go9p/clnt_clnt.go:331.8,333.3 1 1
github.com/rminnich/go9p/clnt_clnt.go:335.2,339.51 4 1
github.com/rminnich/go9p/clnt_clnt.go:339.51,341.3 1 0
github.com/rminnich/go9p/clnt_clnt.go:343.2,343.13 1 1
github.com/rminnich/go9p/clnt_clnt.go:349.66,352.15 3 1
github.com/rminnich/go9p/clnt_clnt.go:352.15,354.3 1 1
github.com/rminnich/go9p/clnt_clnt.go:356.2,359.16 4 1
github.com/rminnich/go9p/clnt_clnt.go:359.16,361.3 1 0
github.com/rminnich/go9p/clnt_clnt.go:363.2,364.16 2 1
github.com/rminnich/go9p/clnt_clnt.go:364.16,366.3 1 0
github.com/rminnich/go9p/clnt_clnt.go:368.2,368.47 1 1
github.com/rminnich/go9p/clnt_clnt.go:368.47,370.3 1 0
github.com/rminnich/go9p/clnt_clnt.go:372.2,373.18 2 1
github.com/rminnich/go9p/clnt_clnt.go:379.35,381.2 1 1
github.com/rminnich/go9p/clnt_clnt.go:383.37,384.9 1 1
github.com/rminnich/go9p/clnt_clnt.go:385.26,386.12 1 1
github.com/rminnich/go9p/clnt_clnt.go:387.10,387.10 0 0
github.com/rminnich/go9p/clnt_clnt.go:389.2,389.49 1 0
github.com/rminnich/go9p/clnt_clnt.go:392.40,393.69 1 1
github.com/rminnich/go9p/clnt_clnt.go:393.69,394.10 1 1
github.com/rminnich/go9p/clnt_clnt.go:395.25,396.9 1 1
github.com/rminnich/go9p/clnt_clnt.go:397.11,397.11 0 0
github.com/rminnich/go9p/clnt_clnt.go:402.35,404.9 2 1
github.com/rminnich/go9p/clnt_clnt.go:405.28,406.8 1 1
github.com/rminnich/go9p/clnt_clnt.go:407.10,410.39 3 1
github.com/rminnich/go9p/clnt_clnt.go:412.2,412.12 1 1
github.com/rminnich/go9p/clnt_clnt.go:415.37,424.9 8 1
github.com/rminnich/go9p/clnt_clnt.go:425.27,426.8 1 1
github.com/rminnich/go9p/clnt_clnt.go:427.10,428.36 1 0
github.com/rminnich/go9p/clnt_clnt.go:432.39,433.40 1 0
github.com/rminnich/go9p/clnt_clnt.go:433.40,437.3 3 0
github.com/rminnich/go9p/clnt_clnt.go:439.2,439.39 1 0
github.com/rminnich/go9p/clnt_clnt.go:439.39,444.3 4 0
github.com/rminnich/go9p/clnt_clnt.go:449.45,451.2 1 0
github.com/rminnich/go9p/clnt_clnt.go:453.13,455.52 2 1
github.com/rminnich/go9p/clnt_clnt.go:455.52,457.3 1 0
github.com/rminnich/go9p/clnt_close.go:8.47,10.16 2 0
github.com/rminnich/go9p/clnt_close.go:10.16,13.17 3 0
github.com/rminnich/go9p/clnt_close.go:13.17,15.4 1 0
github.com/rminnich/go9p/clnt_close.go:17.3,17.24 1 0
github.com/rminnich/go9p/clnt_close.go:20.2,22.8 3 0
github.com/rminnich/go9p/clnt_close.go:26.33,29.2 1 0
github.com/rminnich/go9p/clnt_mount.go:13.63,17.16 4 0
github.com/rminnich/go9p/clnt_mount.go:17.16,19.3 1 0
github.com/rminnich/go9p/clnt_mount.go:21.2,22.16 2 0
github.com/rminnich/go9p/clnt_mount.go:22.16,24.3 1 0
github.com/rminnich/go9p/clnt_mount.go:26.2,28.17 3 0
github.com/rminnich/go9p/clnt_mount.go:34.76,37.17 2 1
github.com/rminnich/go9p/clnt_mount.go:37.17,39.3 1 0
github.com/rminnich/go9p/clnt_mount.go:39.8,41.3 1 1
github.com/rminnich/go9p/clnt_mount.go:43.2,46.16 4 1
github.com/rminnich/go9p/clnt_mount.go:46.16,48.3 1 0
github.com/rminnich/go9p/clnt_mount.go:50.2,51.16 2 1
github.com/rminnich/go9p/clnt_mount.go:51.16,53.3 1 0
github.com/rminnich/go9p/clnt_mount.go:55.2,58.17 4 1
github.com/rminnich/go9p/clnt_mount.go:62.79,64.14 2 1
github.com/rminnich/go9p/clnt_mount.go:64.14,66.3 1 0
github.com/rminnich/go9p/clnt_mount.go:68.2,68.41 1 1
github.com/rminnich/go9p/clnt_mount.go:71.82,73.16 2 1
github.com/rminnich/go9p/clnt_mount.go:73.16,75.3 1 0
github.com/rminnich/go9p/clnt_mount.go:77.2,78.16 2 1
github.com/rminnich/go9p/clnt_mount.go:78.16,81.3 2 0
github.com/rminnich/go9p/clnt_mount.go:83.2,84.18 2 1
github.com/rminnich/go9p/clnt_mount.go:88.29,93.2 4 1
github.com/rminnich/go9p/clnt_open.go:13.52,16.16 3 1
github.com/rminnich/go9p/clnt_open.go:16.16,18.3 1 0
github.com/rminnich/go9p/clnt_open.go:20.2,21.16 2 1
github.com/rminnich/go9p/clnt_open.go:21.16,23.3 1 0
github.com/rminnich/go9p/clnt_open.go:25.2,27.56 3 1
github.com/rminnich/go9p/clnt_open.go:27.56,29.3 1 1
github.com/rminnich/go9p/clnt_open.go:30.2,31.12 2 1
github.com/rminnich/go9p/clnt_open.go:36.92,39.16 3 0
github.com/rminnich/go9p/clnt_open.go:39.16,41.3 1 0
github.com/rminnich/go9p/clnt_open.go:43.2,44.16 2 0
github.com/rminnich/go9p/clnt_open.go:44.16,46.3 1 0
github.com/rminnich/go9p/clnt_open.go:48.2,50.56 3 0
github.com/rminnich/go9p/clnt_open.go:50.56,52.3 1 0
github.com/rminnich/go9p/clnt_open.go:53.2,54.12 2 0
github.com/rminnich/go9p/clnt_open.go:59.80,61.11 2 0
github.com/rminnich/go9p/clnt_open.go:61.11,63.3 1 0
github.com/rminnich/go9p/clnt_open.go:65.2,66.16 2 0
github.com/rminnich/go9p/clnt_open.go:66.16,68.3 1 0
github.com/rminnich/go9p/clnt_open.go:70.2,70.20 1 0
github.com/rminnich/go9p/clnt_open.go:70.20,72.3 1 0
github.com/rminnich/go9p/clnt_open.go:74.2,75.16 2 0
github.com/rminnich/go9p/clnt_open.go:75.16,78.3 2 0
github.com/rminnich/go9p/clnt_open.go:80.2,80.27 1 0
github.com/rminnich/go9p/clnt_open.go:84.65,86.16 2 1
github.com/rminnich/go9p/clnt_open.go:86.16,88.3 1 0
github.com/rminnich/go9p/clnt_open.go:90.2,91.16 2 1
github.com/rminnich/go9p/clnt_open.go:91.16,94.3 2 0
github.com/rminnich/go9p/clnt_open.go:96.2,96.27 1 1
github.com/rminnich/go9p/clnt_pool.go:14.38,17.30 2 1
github.com/rminnich/go9p/clnt_pool.go:17.30,19.3 1 1
github.com/rminnich/go9p/clnt_pool.go:20.2,20.44 1 1
github.com/rminnich/go9p/clnt_pool.go:23.29,25.2 1 1
github.com/rminnich/go9p/clnt_pool.go:27.31,28.31 1 1
github.com/rminnich/go9p/clnt_pool.go:28.31,30.3 1 1
github.com/rminnich/go9p/clnt_pool.go:31.2,31.12 1 1
github.com/rminnich/go9p/clnt_read.go:14.79,15.24 1 1
github.com/rminnich/go9p/clnt_read.go:15.24,17.3 1 1
github.com/rminnich/go9p/clnt_read.go:19.2,21.16 3 1
github.com/rminnich/go9p/clnt_read.go:21.16,23.3 1 0
github.com/rminnich/go9p/clnt_read.go:25.2,26.16 2 1
github.com/rminnich/go9p/clnt_read.go:26.16,28.3 1 1
github.com/rminnich/go9p/clnt_read.go:30.2,30.21 1 1
github.com/rminnich/go9p/clnt_read.go:35.49,37.16 2 1
github.com/rminnich/go9p/clnt_read.go:37.16,39.3 1 1
github.com/rminnich/go9p/clnt_read.go:41.2,41.15 1 1
github.com/rminnich/go9p/clnt_read.go:46.65,48.16 2 1
github.com/rminnich/go9p/clnt_read.go:48.16,50.3 1 0
github.com/rminnich/go9p/clnt_read.go:52.2,52.17 1 1
github.com/rminnich/go9p/clnt_read.go:52.17,54.3 1 1
github.com/rminnich/go9p/clnt_read.go:56.2,57.20 2 1
github.com/rminnich/go9p/clnt_read.go:63.65,65.19 2 0
github.com/rminnich/go9p/clnt_read.go:65.19,67.17 2 0
github.com/rminnich/go9p/clnt_read.go:67.17,69.4 1 0
github.com/rminnich/go9p/clnt_read.go:71.3,71.13 1 0
github.com/rminnich/go9p/clnt_read.go:71.13,72.9 1 0
github.com/rminnich/go9p/clnt_read.go:75.3,77.11 3 0
github.com/rminnich/go9p/clnt_read.go:80.2,80.17 1 0
github.com/rminnich/go9p/clnt_read.go:87.52,92.15 5 1
github.com/rminnich/go9p/clnt_read.go:92.15,94.3 1 1
github.com/rminnich/go9p/clnt_read.go:95.2,95.6 1 1
github.com/rminnich/go9p/clnt_read.go:95.6,97.34 2 1
github.com/rminnich/go9p/clnt_read.go:97.34,99.4 1 0
github.com/rminnich/go9p/clnt_read.go:101.3,101.13 1 1
github.com/rminnich/go9p/clnt_read.go:101.13,102.9 1 1
github.com/rminnich/go9p/clnt_read.go:105.3,105.34 1 1
github.com/rminnich/go9p/clnt_read.go:105.34,107.19 2 1
github.com/rminnich/go9p/clnt_read.go:107.19,110.16 1 0
github.com/rminnich/go9p/clnt_read.go:110.16,112.6 1 0
github.com/rminnich/go9p/clnt_read.go:113.5,113.21 1 0
github.com/rminnich/go9p/clnt_read.go:116.4,118.24 3 1
github.com/rminnich/go9p/clnt_read.go:118.24,122.5 3 1
github.com/rminnich/go9p/clnt_read.go:124.4,126.30 3 1
github.com/rminnich/go9p/clnt_read.go:126.30,127.10 1 1
github.com/rminnich/go9p/clnt_read.go:132.2,132.25 1 1
github.com/rminnich/go9p/clnt_remove.go:9.42,12.16 3 0
github.com/rminnich/go9p/clnt_remove.go:12.16,14.3 1 0
github.com/rminnich/go9p/clnt_remove.go:16.2,19.12 3 0
github.com/rminnich/go9p/clnt_remove.go:23.46,26.16 3 0
github.com/rminnich/go9p/clnt_remove.go:26.16,28.3 1 0
github.com/rminnich/go9p/clnt_remove.go:30.2,31.12 2 0
github.com/rminnich/go9p/clnt_stat.go:8.48,11.16 3 0
github.com/rminnich/go9p/clnt_stat.go:11.16,13.3 1 0
github.com/rminnich/go9p/clnt_stat.go:15.2,16.16 2 0
github.com/rminnich/go9p/clnt_stat.go:16.16,18.3 1 0
github.com/rminnich/go9p/clnt_stat.go:20.2,20.21 1 0
github.com/rminnich/go9p/clnt_stat.go:24.52,26.16 2 0
github.com/rminnich/go9p/clnt_stat.go:26.16,28.3 1 0
github.com/rminnich/go9p/clnt_stat.go:30.2,32.15 3 0
github.com/rminnich/go9p/clnt_stat.go:36.51,39.16 3 0
github.com/rminnich/go9p/clnt_stat.go:39.16,41.3 1 0
github.com/rminnich/go9p/clnt_stat.go:43.2,44.12 2 0
github.com/rminnich/go9p/clnt_tag.go:15.52,25.2 8 0
github.com/rminnich/go9p/clnt_tag.go:27.37,30.2 2 0
github.com/rminnich/go9p/clnt_tag.go:32.33,40.2 6 0
github.com/rminnich/go9p/clnt_tag.go:42.33,44.2 1 0
github.com/rminnich/go9p/clnt_tag.go:46.27,47.6 1 0
github.com/rminnich/go9p/clnt_tag.go:47.6,48.10 1 0
github.com/rminnich/go9p/clnt_tag.go:49.23,50.10 1 0
github.com/rminnich/go9p/clnt_tag.go:52.28,57.21 4 0
github.com/rminnich/go9p/clnt_tag.go:58.15,59.12 1 0
github.com/rminnich/go9p/clnt_tag.go:59.12,61.6 1 0
github.com/rminnich/go9p/clnt_tag.go:63.17,64.13 1 0
github.com/rminnich/go9p/clnt_tag.go:64.13,66.6 1 0
github.com/rminnich/go9p/clnt_tag.go:66.11,68.6 1 0
github.com/rminnich/go9p/clnt_tag.go:70.15,71.13 1 0
github.com/rminnich/go9p/clnt_tag.go:71.13,73.26 2 0
github.com/rminnich/go9p/clnt_tag.go:73.26,75.7 1 0
github.com/rminnich/go9p/clnt_tag.go:76.11,78.6 1 0
github.com/rminnich/go9p/clnt_tag.go:80.15,80.15 0 0
github.com/rminnich/go9p/clnt_tag.go:81.17,82.13 1 0
github.com/rminnich/go9p/clnt_tag.go:82.13,85.6 2 0
github.com/rminnich/go9p/clnt_tag.go:85.11,87.6 1 0
github.com/rminnich/go9p/clnt_tag.go:89.16,89.16 0 0
github.com/rminnich/go9p/clnt_tag.go:90.17,90.17 0 0
github.com/rminnich/go9p/clnt_tag.go:93.4,93.20 1 0
github.com/rminnich/go9p/clnt_tag.go:98.64,102.16 4 0
github.com/rminnich/go9p/clnt_tag.go:102.16,104.3 1 0
github.com/rminnich/go9p/clnt_tag.go:106.2,107.28 2 0
github.com/rminnich/go9p/clnt_tag.go:110.71,113.17 2 0
github.com/rminnich/go9p/clnt_tag.go:113.17,115.3 1 0
github.com/rminnich/go9p/clnt_tag.go:115.8,117.3 1 0
github.com/rminnich/go9p/clnt_tag.go:119.2,122.16 4 0
github.com/rminnich/go9p/clnt_tag.go:122.16,124.3 1 0
github.com/rminnich/go9p/clnt_tag.go:126.2,127.28 2 0
github.com/rminnich/go9p/clnt_tag.go:130.68,133.22 3 0
github.com/rminnich/go9p/clnt_tag.go:133.22,135.3 1 0
github.com/rminnich/go9p/clnt_tag.go:137.2,138.16 2 0
github.com/rminnich/go9p/clnt_tag.go:138.16,140.3 1 0
github.com/rminnich/go9p/clnt_tag.go:142.2,143.28 2 0
github.com/rminnich/go9p/clnt_tag.go:146.50,150.16 4 0
github.com/rminnich/go9p/clnt_tag.go:150.16,152.3 1 0
github.com/rminnich/go9p/clnt_tag.go:154.2,155.28 2 0
github.com/rminnich/go9p/clnt_tag.go:158.90,162.16 4 0
github.com/rminnich/go9p/clnt_tag.go:162.16,164.3 1 0
github.com/rminnich/go9p/clnt_tag.go:166.2,167.28 2 0
github.com/rminnich/go9p/clnt_tag.go:170.67,174.16 4 0
github.com/rminnich/go9p/clnt_tag.go:174.16,176.3 1 0
github.com/rminnich/go9p/clnt_tag.go:178.2,178.28 1 0
github.com/rminnich/go9p/clnt_tag.go:181.67,185.16 4 0
github.com/rminnich/go9p/clnt_tag.go:185.16,187.3 1 0
github.com/rminnich/go9p/clnt_tag.go:189.2,189.28 1 0
github.com/rminnich/go9p/clnt_tag.go:192.39,196.16 4 0
github.com/rminnich/go9p/clnt_tag.go:196.16,198.3 1 0
github.com/rminnich/go9p/clnt_tag.go:200.2,200.28 1 0
github.com/rminnich/go9p/clnt_tag.go:203.40,207.16 4 0
github.com/rminnich/go9p/clnt_tag.go:207.16,209.3 1 0
github.com/rminnich/go9p/clnt_tag.go:211.2,211.28 1 0
github.com/rminnich/go9p/clnt_tag.go:214.38,218.16 4 0
github.com/rminnich/go9p/clnt_tag.go:218.16,220.3 1 0
github.com/rminnich/go9p/clnt_tag.go:222.2,222.28 1 0
github.com/rminnich/go9p/clnt_tag.go:225.49,229.16 4 0
github.com/rminnich/go9p/clnt_tag.go:229.16,231.3 1 0
github.com/rminnich/go9p/clnt_tag.go:233.2,233.28 1 0
github.com/rminnich/go9p/clnt_walk.go:15.79,18.16 3 1
github.com/rminnich/go9p/clnt_walk.go:18.16,20.3 1 0
github.com/rminnich/go9p/clnt_walk.go:22.2,23.16 2 1
github.com/rminnich/go9p/clnt_walk.go:23.16,25.3 1 0
github.com/rminnich/go9p/clnt_walk.go:27.2,28.21 2 1
github.com/rminnich/go9p/clnt_walk.go:33.52,37.32 3 1
github.com/rminnich/go9p/clnt_walk.go:37.32,38.21 1 1
github.com/rminnich/go9p/clnt_walk.go:38.21,39.9 1 1
github.com/rminnich/go9p/clnt_walk.go:43.2,43.11 1 1
github.com/rminnich/go9p/clnt_walk.go:43.11,45.3 1 1
github.com/rminnich/go9p/clnt_walk.go:47.2,53.40 5 1
github.com/rminnich/go9p/clnt_walk.go:53.40,54.22 1 1
github.com/rminnich/go9p/clnt_walk.go:54.22,57.4 2 1
github.com/rminnich/go9p/clnt_walk.go:60.2,61.6 2 1
github.com/rminnich/go9p/clnt_walk.go:61.6,63.13 2 1
github.com/rminnich/go9p/clnt_walk.go:63.13,65.4 1 0
github.com/rminnich/go9p/clnt_walk.go:67.3,69.17 3 1
github.com/rminnich/go9p/clnt_walk.go:69.17,70.14 1 0
github.com/rminnich/go9p/clnt_walk.go:73.3,75.17 3 1
github.com/rminnich/go9p/clnt_walk.go:75.17,76.14 1 0
github.com/rminnich/go9p/clnt_walk.go:79.3,80.24 2 1
github.com/rminnich/go9p/clnt_walk.go:80.24,82.14 2 0
github.com/rminnich/go9p/clnt_walk.go:85.3,85.23 1 1
github.com/rminnich/go9p/clnt_walk.go:85.23,87.4 1 1
github.com/rminnich/go9p/clnt_walk.go:87.9,89.4 1 0
github.com/rminnich/go9p/clnt_walk.go:91.3,93.23 3 1
github.com/rminnich/go9p/clnt_walk.go:93.23,94.9 1 1
github.com/rminnich/go9p/clnt_walk.go:98.2,100.1 2 1
github.com/rminnich/go9p/clnt_walk.go:101.2,102.17 2 0
github.com/rminnich/go9p/clnt_write.go:9.76,10.36 1 1
github.com/rminnich/go9p/clnt_write.go:10.36,12.3 1 0
github.com/rminnich/go9p/clnt_write.go:14.2,16.16 3 1
github.com/rminnich/go9p/clnt_write.go:16.16,18.3 1 0
github.com/rminnich/go9p/clnt_write.go:20.2,21.16 2 1
github.com/rminnich/go9p/clnt_write.go:21.16,23.3 1 0
github.com/rminnich/go9p/clnt_write.go:25.2,25.27 1 1
github.com/rminnich/go9p/clnt_write.go:30.50,32.16 2 1
github.com/rminnich/go9p/clnt_write.go:32.16,34.3 1 1
github.com/rminnich/go9p/clnt_write.go:36.2,36.15 1 1
github.com/rminnich/go9p/clnt_write.go:41.66,43.2 1 1
github.com/rminnich/go9p/clnt_write.go:48.66,50.19 2 0
github.com/rminnich/go9p/clnt_write.go:50.19,52.17 2 0
github.com/rminnich/go9p/clnt_write.go:52.17,54.4 1 0
github.com/rminnich/go9p/clnt_write.go:56.3,56.13 1 0
github.com/rminnich/go9p/clnt_write.go:56.13,57.9 1 0
github.com/rminnich/go9p/clnt_write.go:60.3,62.11 3 0
github.com/rminnich/go9p/clnt_write.go:65.2,65.17 1 0
github.com/rminnich/go9p/fmt.go:9.39,12.21 2 1
github.com/rminnich/go9p/fmt.go:12.21,14.3 1 1
github.com/rminnich/go9p/fmt.go:16.2,16.24 1 1
github.com/rminnich/go9p/fmt.go:16.24,18.3 1 1
github.com/rminnich/go9p/fmt.go:20.2,20.22 1 1
github.com/rminnich/go9p/fmt.go:20.22,22.3 1 1
github.com/rminnich/go9p/fmt.go:24.2,24.22 1 1
github.com/rminnich/go9p/fmt.go:24.22,26.3 1 1
github.com/rminnich/go9p/fmt.go:28.2,28.21 1 1
github.com/rminnich/go9p/fmt.go:28.21,30.3 1 1
github.com/rminnich/go9p/fmt.go:32.2,32.24 1 1
github.com/rminnich/go9p/fmt.go:32.24,34.3 1 1
github.com/rminnich/go9p/fmt.go:36.2,36.24 1 1
github.com/rminnich/go9p/fmt.go:36.24,38.3 1 1
github.com/rminnich/go9p/fmt.go:40.2,40.27 1 1
github.com/rminnich/go9p/fmt.go:40.27,42.3 1 1
github.com/rminnich/go9p/fmt.go:44.2,44.25 1 1
github.com/rminnich/go9p/fmt.go:44.25,46.3 1 1
github.com/rminnich/go9p/fmt.go:48.2,49.12 2 1
github.com/rminnich/go9p/fmt.go:52.33,54.25 2 1
github.com/rminnich/go9p/fmt.go:54.25,56.3 1 1
github.com/rminnich/go9p/fmt.go:57.2,57.28 1 1
github.com/rminnich/go9p/fmt.go:57.28,59.3 1 1
github.com/rminnich/go9p/fmt.go:60.2,60.26 1 1
github.com/rminnich/go9p/fmt.go:60.26,62.3 1 1
github.com/rminnich/go9p/fmt.go:63.2,63.26 1 1
github.com/rminnich/go9p/fmt.go:63.26,65.3 1 0
github.com/rminnich/go9p/fmt.go:66.2,66.25 1 1
github.com/rminnich/go9p/fmt.go:66.25,68.3 1 0
github.com/rminnich/go9p/fmt.go:69.2,69.29 1 1
github.com/rminnich/go9p/fmt.go:69.29,71.3 1 1
github.com/rminnich/go9p/fmt.go:73.2,73.62 1 1
github.com/rminnich/go9p/fmt.go:76.31,86.2 5 1
github.com/rminnich/go9p/fmt.go:88.34,91.17 2 1
github.com/rminnich/go9p/fmt.go:92.10,93.49 1 1
github.com/rminnich/go9p/fmt.go:94.16,95.91 1 0
github.com/rminnich/go9p/fmt.go:96.16,97.91 1 0
github.com/rminnich/go9p/fmt.go:98.13,100.53 1 0
github.com/rminnich/go9p/fmt.go:101.13,102.61 1 0
github.com/rminnich/go9p/fmt.go:103.15,104.63 1 0
github.com/rminnich/go9p/fmt.go:105.15,107.61 1 0
github.com/rminnich/go9p/fmt.go:108.14,109.66 1 0
github.com/rminnich/go9p/fmt.go:110.14,111.88 1 1
github.com/rminnich/go9p/fmt.go:112.13,114.38 2 1
github.com/rminnich/go9p/fmt.go:114.38,116.4 1 1
github.com/rminnich/go9p/fmt.go:117.13,119.37 2 0
github.com/rminnich/go9p/fmt.go:119.37,121.4 1 0
github.com/rminnich/go9p/fmt.go:122.13,123.76 1 0
github.com/rminnich/go9p/fmt.go:124.13,125.81 1 1
github.com/rminnich/go9p/fmt.go:126.15,127.83 1 0
github.com/rminnich/go9p/fmt.go:128.15,131.43 3 1
github.com/rminnich/go9p/fmt.go:132.13,133.99 1 0
github.com/rminnich/go9p/fmt.go:134.13,135.63 1 0
github.com/rminnich/go9p/fmt.go:136.14,137.100 1 0
github.com/rminnich/go9p/fmt.go:138.14,139.64 1 0
github.com/rminnich/go9p/fmt.go:140.14,141.60 1 0
github.com/rminnich/go9p/fmt.go:142.14,143.45 1 0
github.com/rminnich/go9p/fmt.go:144.15,145.61 1 0
github.com/rminnich/go9p/fmt.go:146.13,147.59 1 0
github.com/rminnich/go9p/fmt.go:148.13,149.61 1 0
github.com/rminnich/go9p/fmt.go:150.14,151.77 1 0
github.com/rminnich/go9p/fmt.go:152.14,153.45 1 0
github.com/rminnich/go9p/fmt.go:154.15,155.46 1 0
github.com/rminnich/go9p/fmt.go:156.14,157.45 1 0
github.com/rminnich/go9p/fmt.go:160.2,160.12 1 1
github.com/rminnich/go9p/log.go:27.32,28.13 1 1
github.com/rminnich/go9p/log.go:28.13,30.3 1 0
github.com/rminnich/go9p/log.go:32.2,39.10 7 1
github.com/rminnich/go9p/log.go:42.33,43.13 1 1
github.com/rminnich/go9p/log.go:43.13,45.3 1 0
github.com/rminnich/go9p/log.go:47.2,47.17 1 1
github.com/rminnich/go9p/log.go:50.58,52.2 1 1
github.com/rminnich/go9p/log.go:54.62,58.2 3 1
github.com/rminnich/go9p/log.go:60.26,61.6 1 1
github.com/rminnich/go9p/log.go:61.6,62.10 1 1
github.com/rminnich/go9p/log.go:63.26,64.29 1 1
github.com/rminnich/go9p/log.go:64.29,66.5 1 0
github.com/rminnich/go9p/log.go:68.4,69.11 2 1
github.com/rminnich/go9p/log.go:71.26,73.43 2 1
github.com/rminnich/go9p/log.go:73.43,74.26 1 1
github.com/rminnich/go9p/log.go:74.26,76.6 1 1
github.com/rminnich/go9p/log.go:78.5,80.19 3 1
github.com/rminnich/go9p/log.go:80.19,81.11 1 0
github.com/rminnich/go9p/log.go:85.4,86.13 2 1
github.com/rminnich/go9p/log.go:88.27,91.31 2 1
github.com/rminnich/go9p/log.go:91.31,92.18 1 1
github.com/rminnich/go9p/log.go:92.18,93.14 1 1
github.com/rminnich/go9p/log.go:96.5,97.47 1 1
github.com/rminnich/go9p/log.go:97.47,99.6 1 1
github.com/rminnich/go9p/log.go:102.4,103.44 2 1
github.com/rminnich/go9p/log.go:103.44,104.26 1 1
github.com/rminnich/go9p/log.go:104.26,106.6 1 1
github.com/rminnich/go9p/log.go:108.5,110.47 2 1
github.com/rminnich/go9p/log.go:110.47,113.6 2 1
github.com/rminnich/go9p/log.go:116.4,116.22 1 1
github.com/rminnich/go9p/osusers.go:25.32,25.45 1 1
github.com/rminnich/go9p/osusers.go:27.27,27.43 1 1
github.com/rminnich/go9p/osusers.go:29.35,29.49 1 0
github.com/rminnich/go9p/osusers.go:31.41,31.57 1 0
github.com/rminnich/go9p/osusers.go:37.33,37.46 1 0
github.com/rminnich/go9p/osusers.go:39.28,39.44 1 1
github.com/rminnich/go9p/osusers.go:41.36,41.50 1 0
github.com/rminnich/go9p/osusers.go:43.20,47.2 3 1
github.com/rminnich/go9p/osusers.go:49.43,54.13 5 1
github.com/rminnich/go9p/osusers.go:54.13,56.3 1 1
github.com/rminnich/go9p/osusers.go:58.2,61.13 4 1
github.com/rminnich/go9p/osusers.go:64.50,67.2 1 1
github.com/rminnich/go9p/osusers.go:69.45,73.13 4 1
github.com/rminnich/go9p/osusers.go:73.13,76.3 2 1
github.com/rminnich/go9p/osusers.go:78.2,82.14 5 1
github.com/rminnich/go9p/osusers.go:85.52,87.2 1 1
github.com/rminnich/go9p/p9.go:282.40,282.66 1 1
github.com/rminnich/go9p/p9.go:284.42,286.2 1 1
github.com/rminnich/go9p/p9.go:288.42,292.2 1 1
github.com/rminnich/go9p/p9.go:294.42,294.64 1 1
github.com/rminnich/go9p/p9.go:296.42,301.2 1 1
github.com/rminnich/go9p/p9.go:303.40,306.32 2 1
github.com/rminnich/go9p/p9.go:306.32,308.3 1 0
github.com/rminnich/go9p/p9.go:310.2,312.23 2 1
github.com/rminnich/go9p/p9.go:312.23,314.3 1 0
github.com/rminnich/go9p/p9.go:316.2,316.34 1 1
github.com/rminnich/go9p/p9.go:319.40,325.2 4 1
github.com/rminnich/go9p/p9.go:327.59,338.16 11 1
github.com/rminnich/go9p/p9.go:338.16,342.3 2 0
github.com/rminnich/go9p/p9.go:344.2,345.16 2 1
github.com/rminnich/go9p/p9.go:345.16,347.3 1 0
github.com/rminnich/go9p/p9.go:348.2,349.16 2 1
github.com/rminnich/go9p/p9.go:349.16,351.3 1 0
github.com/rminnich/go9p/p9.go:353.2,354.16 2 1
github.com/rminnich/go9p/p9.go:354.16,356.3 1 0
github.com/rminnich/go9p/p9.go:358.2,358.10 1 1
github.com/rminnich/go9p/p9.go:358.10,360.17 2 1
github.com/rminnich/go9p/p9.go:360.17,362.4 1 0
github.com/rminnich/go9p/p9.go:364.3,366.31 3 1
github.com/rminnich/go9p/p9.go:367.8,371.3 3 1
github.com/rminnich/go9p/p9.go:373.2,373.17 1 1
github.com/rminnich/go9p/p9.go:376.42,379.2 2 1
github.com/rminnich/go9p/p9.go:381.44,385.2 3 1
github.com/rminnich/go9p/p9.go:387.44,393.2 5 1
github.com/rminnich/go9p/p9.go:395.44,405.2 9 1
github.com/rminnich/go9p/p9.go:407.42,413.2 5 1
github.com/rminnich/go9p/p9.go:415.40,421.2 4 1
github.com/rminnich/go9p/p9.go:423.36,425.10 2 1
github.com/rminnich/go9p/p9.go:425.10,427.3 1 1
github.com/rminnich/go9p/p9.go:429.2,429.11 1 1
github.com/rminnich/go9p/p9.go:432.50,446.10 14 1
github.com/rminnich/go9p/p9.go:446.10,451.3 4 1
github.com/rminnich/go9p/p9.go:453.2,453.12 1 1
github.com/rminnich/go9p/p9.go:458.40,463.2 4 1
github.com/rminnich/go9p/p9.go:468.78,473.10 2 1
github.com/rminnich/go9p/p9.go:473.10,475.3 1 1
github.com/rminnich/go9p/p9.go:477.2,477.19 1 1
github.com/rminnich/go9p/p9.go:477.19,480.3 2 0
github.com/rminnich/go9p/p9.go:482.2,484.16 3 1
github.com/rminnich/go9p/p9.go:484.16,486.3 1 0
github.com/rminnich/go9p/p9.go:488.2,488.37 1 1
github.com/rminnich/go9p/p9.go:493.33,498.2 3 1
github.com/rminnich/go9p/p9.go:501.36,504.2 2 1
github.com/rminnich/go9p/p9.go:506.64,508.29 2 1
github.com/rminnich/go9p/p9.go:508.29,510.3 1 1
github.com/rminnich/go9p/p9.go:512.2,521.15 9 1
github.com/rminnich/go9p/p9.go:524.34,525.16 1 1
github.com/rminnich/go9p/p9.go:525.16,527.3 1 1
github.com/rminnich/go9p/p9.go:529.2,529.11 1 0
github.com/rminnich/go9p/packr.go:10.66,13.16 3 1
github.com/rminnich/go9p/packr.go:13.16,15.3 1 0
github.com/rminnich/go9p/packr.go:17.2,22.12 5 1
github.com/rminnich/go9p/packr.go:26.44,29.16 3 1
github.com/rminnich/go9p/packr.go:29.16,31.3 1 0
github.com/rminnich/go9p/packr.go:33.2,35.12 3 1
github.com/rminnich/go9p/packr.go:45.76,46.13 1 1
github.com/rminnich/go9p/packr.go:46.13,48.3 1 1
github.com/rminnich/go9p/packr.go:50.2,51.10 2 1
github.com/rminnich/go9p/packr.go:51.10,53.3 1 1
github.com/rminnich/go9p/packr.go:55.2,56.16 2 1
github.com/rminnich/go9p/packr.go:56.16,58.3 1 0
github.com/rminnich/go9p/packr.go:60.2,62.10 3 1
github.com/rminnich/go9p/packr.go:62.10,65.3 2 1
github.com/rminnich/go9p/packr.go:67.2,67.12 1 1
github.com/rminnich/go9p/packr.go:71.34,75.2 2 1
github.com/rminnich/go9p/packr.go:78.46,81.16 3 1
github.com/rminnich/go9p/packr.go:81.16,83.3 1 0
github.com/rminnich/go9p/packr.go:85.2,87.12 3 1
github.com/rminnich/go9p/packr.go:91.46,95.16 4 1
github.com/rminnich/go9p/packr.go:95.16,97.3 1 0
github.com/rminnich/go9p/packr.go:99.2,101.29 3 1
github.com/rminnich/go9p/packr.go:101.29,104.3 2 1
github.com/rminnich/go9p/packr.go:106.2,106.12 1 1
github.com/rminnich/go9p/packr.go:110.58,113.16 3 1
github.com/rminnich/go9p/packr.go:113.16,115.3 1 0
github.com/rminnich/go9p/packr.go:117.2,121.12 5 1
github.com/rminnich/go9p/packr.go:125.60,128.16 3 1
github.com/rminnich/go9p/packr.go:128.16,130.3 1 0
github.com/rminnich/go9p/packr.go:132.2,136.12 5 1
github.com/rminnich/go9p/packr.go:143.47,146.16 3 1
github.com/rminnich/go9p/packr.go:146.16,148.3 1 0
github.com/rminnich/go9p/packr.go:150.2,153.12 4 1
github.com/rminnich/go9p/packr.go:158.45,168.2 8 1
github.com/rminnich/go9p/packr.go:171.46,174.16 3 1
github.com/rminnich/go9p/packr.go:174.16,176.3 1 0
github.com/rminnich/go9p/packr.go:178.2,179.12 2 1
github.com/rminnich/go9p/packr.go:183.48,185.16 2 1
github.com/rminnich/go9p/packr.go:185.16,187.3 1 0
github.com/rminnich/go9p/packr.go:189.2,192.12 3 1
github.com/rminnich/go9p/packr.go:196.34,199.2 2 1
github.com/rminnich/go9p/packr.go:202.35,205.2 2 1
github.com/rminnich/go9p/packr.go:211.52,215.16 4 1
github.com/rminnich/go9p/packr.go:215.16,217.3 1 0
github.com/rminnich/go9p/packr.go:219.2,222.12 4 1
github.com/rminnich/go9p/packr.go:226.34,229.2 2 1
github.com/rminnich/go9p/packt.go:8.66,11.16 3 1
github.com/rminnich/go9p/packt.go:11.16,13.3 1 0
github.com/rminnich/go9p/packt.go:15.2,20.12 5 1
github.com/rminnich/go9p/packt.go:24.101,26.10 2 1
github.com/rminnich/go9p/packt.go:26.10,28.3 1 1
github.com/rminnich/go9p/packt.go:30.2,31.16 2 1
github.com/rminnich/go9p/packt.go:31.16,33.3 1 1
github.com/rminnich/go9p/packt.go:35.2,41.10 7 1
github.com/rminnich/go9p/packt.go:41.10,44.3 2 1
github.com/rminnich/go9p/packt.go:46.2,46.12 1 1
github.com/rminnich/go9p/packt.go:50.49,52.16 2 1
github.com/rminnich/go9p/packt.go:52.16,54.3 1 0
github.com/rminnich/go9p/packt.go:56.2,58.12 3 1
github.com/rminnich/go9p/packt.go:64.116,66.10 2 1
github.com/rminnich/go9p/packt.go:66.10,68.3 1 0
github.com/rminnich/go9p/packt.go:70.2,71.16 2 1
github.com/rminnich/go9p/packt.go:71.16,73.3 1 0
github.com/rminnich/go9p/packt.go:75.2,83.10 9 1
github.com/rminnich/go9p/packt.go:83.10,86.3 2 0
github.com/rminnich/go9p/packt.go:88.2,88.12 1 1
github.com/rminnich/go9p/packt.go:92.77,95.30 3 1
github.com/rminnich/go9p/packt.go:95.30,97.3 1 1
github.com/rminnich/go9p/packt.go:99.2,100.16 2 1
github.com/rminnich/go9p/packt.go:100.16,102.3 1 0
github.com/rminnich/go9p/packt.go:104.2,110.30 7 1
github.com/rminnich/go9p/packt.go:110.30,113.3 2 1
github.com/rminnich/go9p/packt.go:115.2,115.12 1 1
github.com/rminnich/go9p/packt.go:119.57,122.16 3 1
github.com/rminnich/go9p/packt.go:122.16,124.3 1 0
github.com/rminnich/go9p/packt.go:126.2,130.12 5 1
github.com/rminnich/go9p/packt.go:136.108,139.10 2 1
github.com/rminnich/go9p/packt.go:139.10,141.3 1 1
github.com/rminnich/go9p/packt.go:143.2,144.16 2 1
github.com/rminnich/go9p/packt.go:144.16,146.3 1 1
github.com/rminnich/go9p/packt.go:148.2,157.10 9 1
github.com/rminnich/go9p/packt.go:157.10,160.3 2 1
github.com/rminnich/go9p/packt.go:162.2,162.12 1 1
github.com/rminnich/go9p/packt.go:166.74,169.16 3 1
github.com/rminnich/go9p/packt.go:169.16,171.3 1 0
github.com/rminnich/go9p/packt.go:173.2,179.12 7 1
github.com/rminnich/go9p/packt.go:183.88,187.16 4 1
github.com/rminnich/go9p/packt.go:187.16,189.3 1 0
github.com/rminnich/go9p/packt.go:191.2,199.12 9 1
github.com/rminnich/go9p/packt.go:203.46,205.16 2 1
github.com/rminnich/go9p/packt.go:205.16,207.3 1 0
github.com/rminnich/go9p/packt.go:209.2,211.12 3 1
github.com/rminnich/go9p/packt.go:215.47,217.16 2 1
github.com/rminnich/go9p/packt.go:217.16,219.3 1 0
github.com/rminnich/go9p/packt.go:221.2,223.12 3 1
github.com/rminnich/go9p/packt.go:227.45,229.16 2 1
github.com/rminnich/go9p/packt.go:229.16,231.3 1 0
github.com/rminnich/go9p/packt.go:233.2,235.12 3 1
github.com/rminnich/go9p/packt.go:241.65,245.16 4 1
github.com/rminnich/go9p/packt.go:245.16,247.3 1 0
github.com/rminnich/go9p/packt.go:249.2,254.12 6 1
github.com/rminnich/go9p/srv_conn.go:13.37,27.22 13 1
github.com/rminnich/go9p/srv_conn.go:27.22,29.3 1 1
github.com/rminnich/go9p/srv_conn.go:30.2,34.44 4 1
github.com/rminnich/go9p/srv_conn.go:34.44,36.3 1 1
github.com/rminnich/go9p/srv_conn.go:38.2,38.51 1 1
github.com/rminnich/go9p/srv_conn.go:38.51,40.3 1 0
github.com/rminnich/go9p/srv_conn.go:42.2,43.16 2 1
github.com/rminnich/go9p/srv_conn.go:46.27,52.51 5 1
github.com/rminnich/go9p/srv_conn.go:52.51,54.3 1 0
github.com/rminnich/go9p/srv_conn.go:55.2,55.44 1 1
github.com/rminnich/go9p/srv_conn.go:55.44,57.3 1 1
github.com/rminnich/go9p/srv_conn.go:60.2,60.46 1 1
github.com/rminnich/go9p/srv_conn.go:60.46,61.36 1 1
github.com/rminnich/go9p/srv_conn.go:61.36,63.4 1 1
github.com/rminnich/go9p/srv_conn.go:67.26,73.6 5 1
github.com/rminnich/go9p/srv_conn.go:73.6,74.33 1 1
github.com/rminnich/go9p/srv_conn.go:74.33,79.4 4 0
github.com/rminnich/go9p/srv_conn.go:81.3,82.27 2 1
github.com/rminnich/go9p/srv_conn.go:82.27,85.4 2 1
github.com/rminnich/go9p/srv_conn.go:87.3,88.15 2 1
github.com/rminnich/go9p/srv_conn.go:88.15,90.23 2 1
github.com/rminnich/go9p/srv_conn.go:90.23,95.5 4 0
github.com/rminnich/go9p/srv_conn.go:96.4,96.21 1 1
github.com/rminnich/go9p/srv_conn.go:96.21,97.27 1 0
github.com/rminnich/go9p/srv_conn.go:97.27,102.6 4 0
github.com/rminnich/go9p/srv_conn.go:104.5,104.10 1 0
github.com/rminnich/go9p/srv_conn.go:106.4,107.18 2 1
github.com/rminnich/go9p/srv_conn.go:107.18,112.5 4 0
github.com/rminnich/go9p/srv_conn.go:114.4,116.11 3 1
github.com/rminnich/go9p/srv_conn.go:117.31,118.10 1 1
github.com/rminnich/go9p/srv_conn.go:119.12,120.34 1 1
github.com/rminnich/go9p/srv_conn.go:123.4,126.27 3 1
github.com/rminnich/go9p/srv_conn.go:126.27,128.45 2 0
github.com/rminnich/go9p/srv_conn.go:128.45,130.6 1 0
github.com/rminnich/go9p/srv_conn.go:132.5,132.44 1 0
github.com/rminnich/go9p/srv_conn.go:132.44,134.6 1 0
github.com/rminnich/go9p/srv_conn.go:137.4,141.33 5 1
github.com/rminnich/go9p/srv_conn.go:141.33,143.5 1 1
github.com/rminnich/go9p/srv_conn.go:145.4,148.23 4 1
github.com/rminnich/go9p/srv_conn.go:148.23,150.5 1 0
github.com/rminnich/go9p/srv_conn.go:151.4,152.15 2 1
github.com/rminnich/go9p/srv_conn.go:152.15,157.32 1 1
github.com/rminnich/go9p/srv_conn.go:157.32,159.6 1 1
github.com/rminnich/go9p/srv_conn.go:159.11,161.6 1 1
github.com/rminnich/go9p/srv_conn.go:164.4,165.17 2 1
github.com/rminnich/go9p/srv_conn.go:171.26,172.6 1 1
github.com/rminnich/go9p/srv_conn.go:172.6,173.10 1 1
github.com/rminnich/go9p/srv_conn.go:174.20,175.10 1 1
github.com/rminnich/go9p/srv_conn.go:177.29,183.27 6 1
github.com/rminnich/go9p/srv_conn.go:183.27,185.45 2 0
github.com/rminnich/go9p/srv_conn.go:185.45,187.6 1 0
github.com/rminnich/go9p/srv_conn.go:189.5,189.44 1 0
github.com/rminnich/go9p/srv_conn.go:189.44,191.6 1 0
github.com/rminnich/go9p/srv_conn.go:194.4,194.41 1 1
github.com/rminnich/go9p/srv_conn.go:194.41,196.19 2 1
github.com/rminnich/go9p/srv_conn.go:196.19,200.11 3 0
github.com/rminnich/go9p/srv_conn.go:203.5,203.18 1 1
github.com/rminnich/go9p/srv_conn.go:206.4,206.11 1 1
github.com/rminnich/go9p/srv_conn.go:207.30,208.10 1 1
github.com/rminnich/go9p/srv_conn.go:209.12,209.12 0 0
github.com/rminnich/go9p/srv_conn.go:214.2,214.20 1 0
github.com/rminnich/go9p/srv_conn.go:217.41,219.2 1 0
github.com/rminnich/go9p/srv_conn.go:221.40,223.2 1 0
github.com/rminnich/go9p/srv_conn.go:225.39,226.40 1 0
github.com/rminnich/go9p/srv_conn.go:226.40,230.3 3 0
github.com/rminnich/go9p/srv_conn.go:232.2,232.39 1 0
github.com/rminnich/go9p/srv_conn.go:232.39,237.3 4 0
github.com/rminnich/go9p/srv_conn.go:240.60,242.16 2 1
github.com/rminnich/go9p/srv_conn.go:242.16,244.3 1 0
github.com/rminnich/go9p/srv_conn.go:246.2,246.29 1 1
github.com/rminnich/go9p/srv_conn.go:253.53,254.6 1 1
github.com/rminnich/go9p/srv_conn.go:254.6,256.17 2 1
github.com/rminnich/go9p/srv_conn.go:256.17,258.4 1 0
github.com/rminnich/go9p/srv_conn.go:260.3,260.17 1 1
github.com/rminnich/go9p/srv_conn.go:262.2,262.12 1 0
github.com/rminnich/go9p/srv_fcall.go:7.38,11.24 3 1
github.com/rminnich/go9p/srv_fcall.go:11.24,14.3 2 0
github.com/rminnich/go9p/srv_fcall.go:16.2,16.27 1 1
github.com/rminnich/go9p/srv_fcall.go:16.27,18.3 1 1
github.com/rminnich/go9p/srv_fcall.go:20.2,22.15 3 1
github.com/rminnich/go9p/srv_fcall.go:22.15,24.3 1 0
github.com/rminnich/go9p/srv_fcall.go:27.2,28.32 2 1
github.com/rminnich/go9p/srv_fcall.go:28.32,29.19 1 1
github.com/rminnich/go9p/srv_fcall.go:29.19,30.12 1 1
github.com/rminnich/go9p/srv_fcall.go:33.3,33.40 1 0
github.com/rminnich/go9p/srv_fcall.go:33.40,37.4 3 0
github.com/rminnich/go9p/srv_fcall.go:39.2,41.38 2 1
github.com/rminnich/go9p/srv_fcall.go:44.35,47.22 3 0
github.com/rminnich/go9p/srv_fcall.go:47.22,50.3 2 0
github.com/rminnich/go9p/srv_fcall.go:52.2,53.21 2 0
github.com/rminnich/go9p/srv_fcall.go:53.21,56.3 2 0
github.com/rminnich/go9p/srv_fcall.go:58.2,59.39 2 0
github.com/rminnich/go9p/srv_fcall.go:59.39,61.3 1 0
github.com/rminnich/go9p/srv_fcall.go:61.8,61.27 1 0
github.com/rminnich/go9p/srv_fcall.go:61.27,63.3 1 0
github.com/rminnich/go9p/srv_fcall.go:65.2,65.17 1 0
github.com/rminnich/go9p/srv_fcall.go:65.17,68.3 2 0
github.com/rminnich/go9p/srv_fcall.go:70.2,72.40 3 0
github.com/rminnich/go9p/srv_fcall.go:72.40,74.17 2 0
github.com/rminnich/go9p/srv_fcall.go:74.17,76.4 1 0
github.com/rminnich/go9p/srv_fcall.go:76.9,79.4 2 0
github.com/rminnich/go9p/srv_fcall.go:80.8,82.3 1 0
github.com/rminnich/go9p/srv_fcall.go:86.39,87.43 1 0
github.com/rminnich/go9p/srv_fcall.go:87.43,89.3 1 0
github.com/rminnich/go9p/srv_fcall.go:92.37,95.21 3 1
github.com/rminnich/go9p/srv_fcall.go:95.21,98.3 2 0
github.com/rminnich/go9p/srv_fcall.go:100.2,101.20 2 1
github.com/rminnich/go9p/srv_fcall.go:101.20,104.3 2 0
github.com/rminnich/go9p/srv_fcall.go:106.2,106.22 1 1
github.com/rminnich/go9p/srv_fcall.go:106.22,108.22 2 0
github.com/rminnich/go9p/srv_fcall.go:108.22,110.4 1 0
github.com/rminnich/go9p/srv_fcall.go:113.2,114.39 2 1
github.com/rminnich/go9p/srv_fcall.go:114.39,116.3 1 1
github.com/rminnich/go9p/srv_fcall.go:116.8,116.27 1 0
github.com/rminnich/go9p/srv_fcall.go:116.27,118.3 1 0
github.com/rminnich/go9p/srv_fcall.go:120.2,120.17 1 1
github.com/rminnich/go9p/srv_fcall.go:120.17,123.3 2 0
github.com/rminnich/go9p/srv_fcall.go:125.2,126.40 2 1
github.com/rminnich/go9p/srv_fcall.go:126.40,128.17 2 0
github.com/rminnich/go9p/srv_fcall.go:128.17,131.4 2 0
github.com/rminnich/go9p/srv_fcall.go:134.2,134.35 1 1
github.com/rminnich/go9p/srv_fcall.go:137.41,138.45 1 1
github.com/rminnich/go9p/srv_fcall.go:138.45,141.3 2 1
github.com/rminnich/go9p/srv_fcall.go:144.36,150.14 6 0
github.com/rminnich/go9p/srv_fcall.go:150.14,153.3 2 0
github.com/rminnich/go9p/srv_fcall.go:154.2,156.14 2 0
github.com/rminnich/go9p/srv_fcall.go:156.14,160.3 2 0
github.com/rminnich/go9p/srv_fcall.go:162.2,164.42 3 0
github.com/rminnich/go9p/srv_fcall.go:164.42,167.3 1 0
github.com/rminnich/go9p/srv_fcall.go:168.2,170.42 2 0
github.com/rminnich/go9p/srv_fcall.go:170.42,172.3 1 0
github.com/rminnich/go9p/srv_fcall.go:172.8,173.40 1 0
github.com/rminnich/go9p/srv_fcall.go:173.40,175.4 1 0
github.com/rminnich/go9p/srv_fcall.go:179.35,185.48 4 1
github.com/rminnich/go9p/srv_fcall.go:185.48,188.3 2 0
github.com/rminnich/go9p/srv_fcall.go:191.2,191.16 1 1
github.com/rminnich/go9p/srv_fcall.go:191.16,194.3 2 0
github.com/rminnich/go9p/srv_fcall.go:196.2,196.25 1 1
github.com/rminnich/go9p/srv_fcall.go:196.25,198.24 2 1
github.com/rminnich/go9p/srv_fcall.go:198.24,201.4 2 0
github.com/rminnich/go9p/srv_fcall.go:203.3,204.29 2 1
github.com/rminnich/go9p/srv_fcall.go:205.8,208.3 2 0
github.com/rminnich/go9p/srv_fcall.go:210.2,210.42 1 1
github.com/rminnich/go9p/srv_fcall.go:213.39,215.56 2 1
github.com/rminnich/go9p/srv_fcall.go:215.56,217.3 1 0
github.com/rminnich/go9p/srv_fcall.go:219.2,220.11 2 1
github.com/rminnich/go9p/srv_fcall.go:220.11,222.3 1 1
github.com/rminnich/go9p/srv_fcall.go:222.8,224.3 1 0
github.com/rminnich/go9p/srv_fcall.go:227.2,227.28 1 1
github.com/rminnich/go9p/srv_fcall.go:227.28,229.3 1 0
github.com/rminnich/go9p/srv_fcall.go:231.2,231.35 1 1
github.com/rminnich/go9p/srv_fcall.go:231.35,233.3 1 1
github.com/rminnich/go9p/srv_fcall.go:236.35,239.16 3 1
github.com/rminnich/go9p/srv_fcall.go:239.16,242.3 2 0
github.com/rminnich/go9p/srv_fcall.go:244.2,244.47 1 1
github.com/rminnich/go9p/srv_fcall.go:244.47,247.3 2 0
github.com/rminnich/go9p/srv_fcall.go:249.2,250.42 2 1
github.com/rminnich/go9p/srv_fcall.go:253.39,254.20 1 1
github.com/rminnich/go9p/srv_fcall.go:254.20,256.3 1 1
github.com/rminnich/go9p/srv_fcall.go:259.37,262.16 3 0
github.com/rminnich/go9p/srv_fcall.go:262.16,265.3 2 0
github.com/rminnich/go9p/srv_fcall.go:267.2,267.29 1 0
github.com/rminnich/go9p/srv_fcall.go:267.29,270.3 2 0
github.com/rminnich/go9p/srv_fcall.go:273.2,273.46 1 0
github.com/rminnich/go9p/srv_fcall.go:273.46,276.3 2 0
github.com/rminnich/go9p/srv_fcall.go:279.2,279.87 1 0
github.com/rminnich/go9p/srv_fcall.go:279.87,282.3 2 0
github.com/rminnich/go9p/srv_fcall.go:284.2,285.44 2 0
github.com/rminnich/go9p/srv_fcall.go:288.41,289.63 1 0
github.com/rminnich/go9p/srv_fcall.go:289.63,292.3 2 0
github.com/rminnich/go9p/srv_fcall.go:295.35,298.39 3 1
github.com/rminnich/go9p/srv_fcall.go:298.39,301.3 2 0
github.com/rminnich/go9p/srv_fcall.go:303.2,303.30 1 1
github.com/rminnich/go9p/srv_fcall.go:303.30,308.17 4 0
github.com/rminnich/go9p/srv_fcall.go:308.17,311.4 2 0
github.com/rminnich/go9p/srv_fcall.go:313.3,313.49 1 0
github.com/rminnich/go9p/srv_fcall.go:313.49,315.18 2 0
github.com/rminnich/go9p/srv_fcall.go:315.18,318.5 2 0
github.com/rminnich/go9p/srv_fcall.go:320.4,321.17 2 0
github.com/rminnich/go9p/srv_fcall.go:322.9,324.4 1 0
github.com/rminnich/go9p/srv_fcall.go:326.3,326.9 1 0
github.com/rminnich/go9p/srv_fcall.go:329.2,329.29 1 1
github.com/rminnich/go9p/srv_fcall.go:329.29,330.21 1 1
github.com/rminnich/go9p/srv_fcall.go:330.21,332.4 1 1
github.com/rminnich/go9p/srv_fcall.go:332.9,332.40 1 1
github.com/rminnich/go9p/srv_fcall.go:332.40,334.4 1 0
github.com/rminnich/go9p/srv_fcall.go:337.2,337.42 1 1
github.com/rminnich/go9p/srv_fcall.go:340.39,341.72 1 1
github.com/rminnich/go9p/srv_fcall.go:341.72,343.3 1 1
github.com/rminnich/go9p/srv_fcall.go:346.36,349.30 3 1
github.com/rminnich/go9p/srv_fcall.go:349.30,351.49 2 0
github.com/rminnich/go9p/srv_fcall.go:351.49,353.18 2 0
github.com/rminnich/go9p/srv_fcall.go:353.18,355.5 1 0
github.com/rminnich/go9p/srv_fcall.go:355.10,357.5 1 0
github.com/rminnich/go9p/srv_fcall.go:358.9,360.4 1 0
github.com/rminnich/go9p/srv_fcall.go:362.3,362.9 1 0
github.com/rminnich/go9p/srv_fcall.go:365.2,365.68 1 1
github.com/rminnich/go9p/srv_fcall.go:365.68,368.3 2 0
github.com/rminnich/go9p/srv_fcall.go:370.2,370.39 1 1
github.com/rminnich/go9p/srv_fcall.go:370.39,373.3 2 0
github.com/rminnich/go9p/srv_fcall.go:375.2,375.43 1 1
github.com/rminnich/go9p/srv_fcall.go:378.36,380.30 2 0
github.com/rminnich/go9p/srv_fcall.go:380.30,381.49 1 0
github.com/rminnich/go9p/srv_fcall.go:381.49,384.4 2 0
github.com/rminnich/go9p/srv_fcall.go:384.9,386.4 1 0
github.com/rminnich/go9p/srv_fcall.go:388.3,388.9 1 0
github.com/rminnich/go9p/srv_fcall.go:391.2,391.43 1 0
github.com/rminnich/go9p/srv_fcall.go:394.40,395.62 1 0
github.com/rminnich/go9p/srv_fcall.go:395.62,397.3 1 0
github.com/rminnich/go9p/srv_fcall.go:400.37,400.83 1 0
github.com/rminnich/go9p/srv_fcall.go:402.41,403.37 1 0
github.com/rminnich/go9p/srv_fcall.go:403.37,405.3 1 0
github.com/rminnich/go9p/srv_fcall.go:408.35,408.79 1 0
github.com/rminnich/go9p/srv_fcall.go:410.36,428.2 1 0
github.com/rminnich/go9p/srv_file.go:116.41,122.2 4 0
github.com/rminnich/go9p/srv_file.go:126.107,141.16 13 1
github.com/rminnich/go9p/srv_file.go:141.16,144.3 2 1
github.com/rminnich/go9p/srv_file.go:144.8,147.3 2 1
github.com/rminnich/go9p/srv_file.go:149.2,149.16 1 1
github.com/rminnich/go9p/srv_file.go:149.16,152.3 2 1
github.com/rminnich/go9p/srv_file.go:152.8,155.3 2 1
github.com/rminnich/go9p/srv_file.go:157.2,161.16 4 1
github.com/rminnich/go9p/srv_file.go:161.16,164.45 3 1
github.com/rminnich/go9p/srv_file.go:164.45,165.22 1 1
github.com/rminnich/go9p/srv_file.go:165.22,168.5 2 1
github.com/rminnich/go9p/srv_file.go:171.3,171.23 1 1
github.com/rminnich/go9p/srv_file.go:171.23,173.4 1 1
github.com/rminnich/go9p/srv_file.go:173.9,175.4 1 1
github.com/rminnich/go9p/srv_file.go:177.3,180.15 4 1
github.com/rminnich/go9p/srv_file.go:181.8,183.3 1 1
github.com/rminnich/go9p/srv_file.go:185.2,186.12 2 1
github.com/rminnich/go9p/srv_file.go:190.28,192.31 2 1
github.com/rminnich/go9p/srv_file.go:192.31,195.3 2 0
github.com/rminnich/go9p/srv_file.go:197.2,202.19 5 1
github.com/rminnich/go9p/srv_file.go:202.19,204.3 1 1
github.com/rminnich/go9p/srv_file.go:204.8,206.3 1 0
github.com/rminnich/go9p/srv_file.go:208.2,208.19 1 1
github.com/rminnich/go9p/srv_file.go:208.19,210.3 1 0
github.com/rminnich/go9p/srv_file.go:210.8,212.3 1 1
github.com/rminnich/go9p/srv_file.go:214.2,216.12 3 1
github.com/rminnich/go9p/srv_file.go:219.45,223.42 4 1
github.com/rminnich/go9p/srv_file.go:223.42,224.21 1 1
github.com/rminnich/go9p/srv_file.go:224.21,226.4 1 1
github.com/rminnich/go9p/srv_file.go:229.2,230.12 2 1
github.com/rminnich/go9p/srv_file.go:234.46,238.41 3 1
github.com/rminnich/go9p/srv_file.go:238.41,239.21 1 1
github.com/rminnich/go9p/srv_file.go:239.21,240.9 1 1
github.com/rminnich/go9p/srv_file.go:243.2,244.10 2 1
github.com/rminnich/go9p/srv_file.go:250.58,251.17 1 1
github.com/rminnich/go9p/srv_file.go:251.17,253.3 1 0
github.com/rminnich/go9p/srv_file.go:255.2,259.28 3 1
github.com/rminnich/go9p/srv_file.go:259.28,261.3 1 1
github.com/rminnich/go9p/srv_file.go:264.2,264.59 1 1
github.com/rminnich/go9p/srv_file.go:264.59,266.3 1 1
github.com/rminnich/go9p/srv_file.go:268.2,268.28 1 1
github.com/rminnich/go9p/srv_file.go:268.28,270.3 1 1
github.com/rminnich/go9p/srv_file.go:273.2,274.38 2 1
github.com/rminnich/go9p/srv_file.go:274.38,275.36 1 0
github.com/rminnich/go9p/srv_file.go:275.36,276.71 1 0
github.com/rminnich/go9p/srv_file.go:276.71,278.10 2 0
github.com/rminnich/go9p/srv_file.go:283.2,283.28 1 1
github.com/rminnich/go9p/srv_file.go:283.28,285.3 1 0
github.com/rminnich/go9p/srv_file.go:287.2,287.14 1 1
github.com/rminnich/go9p/srv_file.go:290.36,296.2 5 0
github.com/rminnich/go9p/srv_file.go:298.32,302.27 3 0
github.com/rminnich/go9p/srv_file.go:302.27,306.3 3 0
github.com/rminnich/go9p/srv_file.go:308.2,312.31 5 0
github.com/rminnich/go9p/srv_file.go:312.31,313.26 1 0
github.com/rminnich/go9p/srv_file.go:313.26,317.12 3 0
github.com/rminnich/go9p/srv_file.go:319.3,319.34 1 0
github.com/rminnich/go9p/srv_file.go:319.34,320.42 1 0
github.com/rminnich/go9p/srv_file.go:320.42,321.10 1 0
github.com/rminnich/go9p/srv_file.go:325.3,326.15 2 0
github.com/rminnich/go9p/srv_file.go:326.15,327.9 1 0
github.com/rminnich/go9p/srv_file.go:330.3,331.19 2 0
github.com/rminnich/go9p/srv_file.go:334.2,334.33 1 0
github.com/rminnich/go9p/srv_file.go:334.33,337.3 2 0
github.com/rminnich/go9p/srv_file.go:339.2,340.30 2 0
github.com/rminnich/go9p/srv_file.go:343.35,346.18 2 1
github.com/rminnich/go9p/srv_file.go:347.13,348.16 1 1
github.com/rminnich/go9p/srv_file.go:349.14,350.17 1 1
github.com/rminnich/go9p/srv_file.go:351.13,352.26 1 1
github.com/rminnich/go9p/srv_file.go:355.2,355.26 1 1
github.com/rminnich/go9p/srv_file.go:355.26,357.3 1 1
github.com/rminnich/go9p/srv_file.go:359.2,359.13 1 1
github.com/rminnich/go9p/srv_file.go:362.32,366.56 3 0
github.com/rminnich/go9p/srv_file.go:366.56,369.3 2 0
github.com/rminnich/go9p/srv_file.go:371.2,371.41 1 0
github.com/rminnich/go9p/srv_file.go:371.41,373.17 2 0
github.com/rminnich/go9p/srv_file.go:373.17,376.4 2 0
github.com/rminnich/go9p/srv_file.go:378.2,378.33 1 0
github.com/rminnich/go9p/srv_file.go:381.34,386.43 4 0
github.com/rminnich/go9p/srv_file.go:386.43,389.3 2 0
github.com/rminnich/go9p/srv_file.go:391.2,391.42 1 0
github.com/rminnich/go9p/srv_file.go:391.42,393.17 2 0
github.com/rminnich/go9p/srv_file.go:393.17,395.4 1 0
github.com/rminnich/go9p/srv_file.go:395.9,398.4 2 0
github.com/rminnich/go9p/srv_file.go:399.8,401.3 1 0
github.com/rminnich/go9p/srv_file.go:404.32,414.23 8 0
github.com/rminnich/go9p/srv_file.go:414.23,418.21 1 0
github.com/rminnich/go9p/srv_file.go:418.21,422.57 4 0
github.com/rminnich/go9p/srv_file.go:422.58,423.5 0 0
github.com/rminnich/go9p/srv_file.go:424.4,425.57 2 0
github.com/rminnich/go9p/srv_file.go:425.57,429.5 2 0
github.com/rminnich/go9p/srv_file.go:430.4,430.14 1 0
github.com/rminnich/go9p/srv_file.go:433.3,433.10 1 0
github.com/rminnich/go9p/srv_file.go:434.45,435.9 1 0
github.com/rminnich/go9p/srv_file.go:436.52,437.20 1 0
github.com/rminnich/go9p/srv_file.go:438.11,439.36 1 0
github.com/rminnich/go9p/srv_file.go:441.3,441.59 1 0
github.com/rminnich/go9p/srv_file.go:443.8,445.37 1 0
github.com/rminnich/go9p/srv_file.go:445.37,447.18 2 0
github.com/rminnich/go9p/srv_file.go:447.18,450.5 2 0
github.com/rminnich/go9p/srv_file.go:451.9,454.4 2 0
github.com/rminnich/go9p/srv_file.go:457.2,458.15 2 0
github.com/rminnich/go9p/srv_file.go:461.33,466.39 4 0
github.com/rminnich/go9p/srv_file.go:466.39,468.17 2 0
github.com/rminnich/go9p/srv_file.go:468.17,470.4 1 0
github.com/rminnich/go9p/srv_file.go:470.9,472.4 1 0
github.com/rminnich/go9p/srv_file.go:473.8,475.3 1 0
github.com/rminnich/go9p/srv_file.go:479.33,482.42 2 0
github.com/rminnich/go9p/srv_file.go:482.42,484.17 2 0
github.com/rminnich/go9p/srv_file.go:484.17,486.4 1 0
github.com/rminnich/go9p/srv_file.go:488.2,488.21 1 0
github.com/rminnich/go9p/srv_file.go:491.34,495.21 4 0
github.com/rminnich/go9p/srv_file.go:495.21,499.3 3 0
github.com/rminnich/go9p/srv_file.go:500.2,502.40 2 0
github.com/rminnich/go9p/srv_file.go:502.40,504.17 2 0
github.com/rminnich/go9p/srv_file.go:504.17,506.4 1 0
github.com/rminnich/go9p/srv_file.go:506.9,509.4 2 0
github.com/rminnich/go9p/srv_file.go:510.8,513.3 2 0
github.com/rminnich/go9p/srv_file.go:516.32,520.38 3 0
github.com/rminnich/go9p/srv_file.go:520.38,522.17 2 0
github.com/rminnich/go9p/srv_file.go:522.17,524.4 1 0
github.com/rminnich/go9p/srv_file.go:524.9,526.4 1 0
github.com/rminnich/go9p/srv_file.go:527.8,529.3 1 0
github.com/rminnich/go9p/srv_file.go:532.33,537.39 4 0
github.com/rminnich/go9p/srv_file.go:537.39,539.17 2 0
github.com/rminnich/go9p/srv_file.go:539.17,541.4 1 0
github.com/rminnich/go9p/srv_file.go:541.9,543.4 1 0
github.com/rminnich/go9p/srv_file.go:544.8,546.3 1 0
github.com/rminnich/go9p/srv_file.go:549.39,550.21 1 0
github.com/rminnich/go9p/srv_file.go:550.21,552.3 1 0
github.com/rminnich/go9p/srv_file.go:553.2,556.14 3 0
github.com/rminnich/go9p/srv_file.go:556.14,558.3 1 0
github.com/rminnich/go9p/srv_file.go:560.2,560.40 1 0
github.com/rminnich/go9p/srv_file.go:560.40,562.3 1 0
github.com/rminnich/go9p/srv_pipe.go:33.35,37.16 3 1
github.com/rminnich/go9p/srv_pipe.go:37.16,39.3 1 0
github.com/rminnich/go9p/srv_pipe.go:41.2,41.12 1 1
github.com/rminnich/go9p/srv_pipe.go:50.92,54.19 4 0
github.com/rminnich/go9p/srv_pipe.go:54.19,56.3 1 0
github.com/rminnich/go9p/srv_pipe.go:58.2,59.19 2 0
github.com/rminnich/go9p/srv_pipe.go:59.19,61.3 1 0
github.com/rminnich/go9p/srv_pipe.go:62.2,67.34 6 0
github.com/rminnich/go9p/srv_pipe.go:67.34,70.17 3 0
github.com/rminnich/go9p/srv_pipe.go:70.17,72.4 1 0
github.com/rminnich/go9p/srv_pipe.go:73.8,73.23 1 0
github.com/rminnich/go9p/srv_pipe.go:73.23,75.3 1 0
github.com/rminnich/go9p/srv_pipe.go:75.8,75.22 1 0
github.com/rminnich/go9p/srv_pipe.go:75.22,77.3 1 0
github.com/rminnich/go9p/srv_pipe.go:80.39,81.29 1 1
github.com/rminnich/go9p/srv_pipe.go:81.29,83.3 1 0
github.com/rminnich/go9p/srv_pipe.go:86.39,87.29 1 0
github.com/rminnich/go9p/srv_pipe.go:87.29,89.3 1 0
github.com/rminnich/go9p/srv_pipe.go:92.41,95.21 2 0
github.com/rminnich/go9p/srv_pipe.go:95.21,97.3 1 0
github.com/rminnich/go9p/srv_pipe.go:99.2,100.21 2 0
github.com/rminnich/go9p/srv_pipe.go:100.21,102.3 1 0
github.com/rminnich/go9p/srv_pipe.go:105.41,106.21 1 1
github.com/rminnich/go9p/srv_pipe.go:106.21,109.3 2 0
github.com/rminnich/go9p/srv_pipe.go:111.2,113.24 3 1
github.com/rminnich/go9p/srv_pipe.go:113.24,115.3 1 0
github.com/rminnich/go9p/srv_pipe.go:115.8,117.3 1 1
github.com/rminnich/go9p/srv_pipe.go:119.2,121.16 3 1
github.com/rminnich/go9p/srv_pipe.go:121.16,124.3 2 0
github.com/rminnich/go9p/srv_pipe.go:126.2,127.25 2 1
github.com/rminnich/go9p/srv_pipe.go:130.36,130.37 0 0
github.com/rminnich/go9p/srv_pipe.go:132.34,137.16 4 1
github.com/rminnich/go9p/srv_pipe.go:137.16,140.3 2 0
github.com/rminnich/go9p/srv_pipe.go:142.2,142.27 1 1
github.com/rminnich/go9p/srv_pipe.go:142.27,144.3 1 1
github.com/rminnich/go9p/srv_pipe.go:146.2,150.31 5 1
github.com/rminnich/go9p/srv_pipe.go:150.31,153.17 3 1
github.com/rminnich/go9p/srv_pipe.go:153.17,154.14 1 0
github.com/rminnich/go9p/srv_pipe.go:154.14,157.5 2 0
github.com/rminnich/go9p/srv_pipe.go:159.4,159.9 1 0
github.com/rminnich/go9p/srv_pipe.go:162.3,163.11 2 1
github.com/rminnich/go9p/srv_pipe.go:166.2,167.30 2 1
github.com/rminnich/go9p/srv_pipe.go:170.34,174.16 4 1
github.com/rminnich/go9p/srv_pipe.go:174.16,177.3 2 0
github.com/rminnich/go9p/srv_pipe.go:179.2,181.14 3 1
github.com/rminnich/go9p/srv_pipe.go:181.14,184.3 2 0
github.com/rminnich/go9p/srv_pipe.go:186.2,186.38 1 1
github.com/rminnich/go9p/srv_pipe.go:189.36,193.16 4 0
github.com/rminnich/go9p/srv_pipe.go:193.16,196.3 2 0
github.com/rminnich/go9p/srv_pipe.go:198.2,201.9 4 0
github.com/rminnich/go9p/srv_pipe.go:202.26,203.48 1 0
github.com/rminnich/go9p/srv_pipe.go:205.30,206.31 1 0
github.com/rminnich/go9p/srv_pipe.go:208.27,210.15 2 0
github.com/rminnich/go9p/srv_pipe.go:210.15,211.9 1 0
github.com/rminnich/go9p/srv_pipe.go:214.3,215.18 2 0
github.com/rminnich/go9p/srv_pipe.go:215.18,218.4 2 0
github.com/rminnich/go9p/srv_pipe.go:220.3,221.16 2 0
github.com/rminnich/go9p/srv_pipe.go:223.32,223.32 0 0
github.com/rminnich/go9p/srv_pipe.go:224.29,226.9 2 0
github.com/rminnich/go9p/srv_pipe.go:228.10,230.20 2 0
github.com/rminnich/go9p/srv_pipe.go:230.20,231.28 1 0
github.com/rminnich/go9p/srv_pipe.go:231.28,233.5 1 0
github.com/rminnich/go9p/srv_pipe.go:234.4,234.28 1 0
github.com/rminnich/go9p/srv_pipe.go:234.28,236.5 1 0
github.com/rminnich/go9p/srv_pipe.go:238.3,238.84 1 0
github.com/rminnich/go9p/srv_pipe.go:241.2,241.29 1 0
github.com/rminnich/go9p/srv_pipe.go:241.29,243.3 1 0
github.com/rminnich/go9p/srv_pipe.go:245.2,245.14 1 0
github.com/rminnich/go9p/srv_pipe.go:245.14,248.3 2 0
github.com/rminnich/go9p/srv_pipe.go:250.2,253.16 4 0
github.com/rminnich/go9p/srv_pipe.go:253.16,256.3 2 0
github.com/rminnich/go9p/srv_pipe.go:258.2,258.40 1 0
github.com/rminnich/go9p/srv_pipe.go:261.24,262.11 1 1
github.com/rminnich/go9p/srv_pipe.go:262.11,264.3 1 0
github.com/rminnich/go9p/srv_pipe.go:265.2,265.10 1 1
github.com/rminnich/go9p/srv_pipe.go:268.34,273.16 5 1
github.com/rminnich/go9p/srv_pipe.go:273.16,276.3 2 0
github.com/rminnich/go9p/srv_pipe.go:278.2,281.20 4 1
github.com/rminnich/go9p/srv_pipe.go:281.20,282.21 1 0
github.com/rminnich/go9p/srv_pipe.go:282.21,287.85 3 0
github.com/rminnich/go9p/srv_pipe.go:287.85,290.5 2 0
github.com/rminnich/go9p/srv_pipe.go:292.4,292.52 1 0
github.com/rminnich/go9p/srv_pipe.go:292.52,295.5 2 0
github.com/rminnich/go9p/srv_pipe.go:296.4,298.39 2 0
github.com/rminnich/go9p/srv_pipe.go:298.39,301.18 3 0
github.com/rminnich/go9p/srv_pipe.go:301.18,302.14 1 0
github.com/rminnich/go9p/srv_pipe.go:304.5,306.20 3 0
github.com/rminnich/go9p/srv_pipe.go:309.3,309.10 1 0
github.com/rminnich/go9p/srv_pipe.go:310.45,311.13 1 0
github.com/rminnich/go9p/srv_pipe.go:312.53,313.25 1 0
github.com/rminnich/go9p/srv_pipe.go:314.11,315.40 1 0
github.com/rminnich/go9p/srv_pipe.go:318.3,318.61 1 0
github.com/rminnich/go9p/srv_pipe.go:320.8,321.14 1 1
github.com/rminnich/go9p/srv_pipe.go:321.14,324.4 2 0
github.com/rminnich/go9p/srv_pipe.go:325.3,328.31 4 1
github.com/rminnich/go9p/srv_pipe.go:331.2,332.15 2 1
github.com/rminnich/go9p/srv_pipe.go:335.35,339.16 4 1
github.com/rminnich/go9p/srv_pipe.go:339.16,342.3 2 0
github.com/rminnich/go9p/srv_pipe.go:344.2,346.41 2 1
github.com/rminnich/go9p/srv_pipe.go:349.35,349.58 1 0
github.com/rminnich/go9p/srv_pipe.go:351.36,354.16 3 0
github.com/rminnich/go9p/srv_pipe.go:354.16,357.3 2 0
github.com/rminnich/go9p/srv_pipe.go:359.2,360.14 2 0
github.com/rminnich/go9p/srv_pipe.go:360.14,363.3 2 0
github.com/rminnich/go9p/srv_pipe.go:365.2,365.22 1 0
github.com/rminnich/go9p/srv_pipe.go:368.34,371.16 3 0
github.com/rminnich/go9p/srv_pipe.go:371.16,374.3 2 0
github.com/rminnich/go9p/srv_pipe.go:376.2,377.15 2 0
github.com/rminnich/go9p/srv_pipe.go:377.15,380.3 2 0
github.com/rminnich/go9p/srv_pipe.go:382.2,382.22 1 0
github.com/rminnich/go9p/srv_pipe.go:385.35,387.2 1 0
github.com/rminnich/go9p/srv_respond.go:25.50,26.25 1 1
github.com/rminnich/go9p/srv_respond.go:27.14,28.67 1 1
github.com/rminnich/go9p/srv_respond.go:29.13,30.60 1 1
github.com/rminnich/go9p/srv_respond.go:31.10,32.71 1 1
github.com/rminnich/go9p/srv_respond.go:35.2,35.15 1 1
github.com/rminnich/go9p/srv_respond.go:39.66,41.16 2 1
github.com/rminnich/go9p/srv_respond.go:41.16,43.3 1 0
github.com/rminnich/go9p/srv_respond.go:43.8,45.3 1 1
github.com/rminnich/go9p/srv_respond.go:49.44,51.16 2 1
github.com/rminnich/go9p/srv_respond.go:51.16,53.3 1 0
github.com/rminnich/go9p/srv_respond.go:53.8,55.3 1 1
github.com/rminnich/go9p/srv_respond.go:59.36,61.16 2 1
github.com/rminnich/go9p/srv_respond.go:61.16,63.3 1 0
github.com/rminnich/go9p/srv_respond.go:63.8,65.3 1 1
github.com/rminnich/go9p/srv_respond.go:69.46,71.16 2 1
github.com/rminnich/go9p/srv_respond.go:71.16,73.3 1 0
github.com/rminnich/go9p/srv_respond.go:73.8,75.3 1 1
github.com/rminnich/go9p/srv_respond.go:79.46,81.16 2 1
github.com/rminnich/go9p/srv_respond.go:81.16,83.3 1 0
github.com/rminnich/go9p/srv_respond.go:83.8,85.3 1 1
github.com/rminnich/go9p/srv_respond.go:89.58,91.16 2 1
github.com/rminnich/go9p/srv_respond.go:91.16,93.3 1 0
github.com/rminnich/go9p/srv_respond.go:93.8,95.3 1 1
github.com/rminnich/go9p/srv_respond.go:99.60,101.16 2 1
github.com/rminnich/go9p/srv_respond.go:101.16,103.3 1 0
github.com/rminnich/go9p/srv_respond.go:103.8,105.3 1 1
github.com/rminnich/go9p/srv_respond.go:109.46,111.16 2 1
github.com/rminnich/go9p/srv_respond.go:111.16,113.3 1 0
github.com/rminnich/go9p/srv_respond.go:113.8,115.3 1 1
github.com/rminnich/go9p/srv_respond.go:119.48,121.16 2 1
github.com/rminnich/go9p/srv_respond.go:121.16,123.3 1 0
github.com/rminnich/go9p/srv_respond.go:123.8,125.3 1 1
github.com/rminnich/go9p/srv_respond.go:129.36,131.16 2 1
github.com/rminnich/go9p/srv_respond.go:131.16,133.3 1 0
github.com/rminnich/go9p/srv_respond.go:133.8,135.3 1 1
github.com/rminnich/go9p/srv_respond.go:139.37,141.16 2 1
github.com/rminnich/go9p/srv_respond.go:141.16,143.3 1 0
github.com/rminnich/go9p/srv_respond.go:143.8,145.3 1 1
github.com/rminnich/go9p/srv_respond.go:149.42,151.16 2 1
github.com/rminnich/go9p/srv_respond.go:151.16,153.3 1 0
github.com/rminnich/go9p/srv_respond.go:153.8,155.3 1 1
github.com/rminnich/go9p/srv_respond.go:159.36,161.16 2 1
github.com/rminnich/go9p/srv_respond.go:161.16,163.3 1 0
github.com/rminnich/go9p/srv_respond.go:163.8,165.3 1 1
github.com/rminnich/go9p/srv_srv.go:201.45,202.37 1 1
github.com/rminnich/go9p/srv_srv.go:202.37,204.3 1 0
github.com/rminnich/go9p/srv_srv.go:206.2,207.22 2 1
github.com/rminnich/go9p/srv_srv.go:207.22,209.3 1 1
github.com/rminnich/go9p/srv_srv.go:211.2,211.25 1 1
github.com/rminnich/go9p/srv_srv.go:211.25,213.3 1 1
github.com/rminnich/go9p/srv_srv.go:215.2,215.20 1 1
github.com/rminnich/go9p/srv_srv.go:215.20,217.3 1 1
github.com/rminnich/go9p/srv_srv.go:219.2,219.50 1 1
github.com/rminnich/go9p/srv_srv.go:219.50,221.3 1 0
github.com/rminnich/go9p/srv_srv.go:223.2,223.13 1 1
github.com/rminnich/go9p/srv_srv.go:226.33,228.2 1 0
github.com/rminnich/go9p/srv_srv.go:230.30,233.14 3 1
github.com/rminnich/go9p/srv_srv.go:233.14,235.3 1 1
github.com/rminnich/go9p/srv_srv.go:236.2,238.13 2 1
github.com/rminnich/go9p/srv_srv.go:238.13,240.3 1 0
github.com/rminnich/go9p/srv_srv.go:242.2,242.58 1 1
github.com/rminnich/go9p/srv_srv.go:242.58,244.3 1 0
github.com/rminnich/go9p/srv_srv.go:244.8,246.3 1 1
github.com/rminnich/go9p/srv_srv.go:248.2,250.37 3 1
github.com/rminnich/go9p/srv_srv.go:250.37,252.3 1 0
github.com/rminnich/go9p/srv_srv.go:253.2,253.14 1 1
github.com/rminnich/go9p/srv_srv.go:261.30,266.43 4 1
github.com/rminnich/go9p/srv_srv.go:266.43,270.21 4 1
github.com/rminnich/go9p/srv_srv.go:270.21,273.4 2 0
github.com/rminnich/go9p/srv_srv.go:276.2,276.21 1 1
github.com/rminnich/go9p/srv_srv.go:277.10,278.59 1 0
github.com/rminnich/go9p/srv_srv.go:280.16,281.19 1 1
github.com/rminnich/go9p/srv_srv.go:283.13,284.16 1 0
github.com/rminnich/go9p/srv_srv.go:286.15,287.18 1 1
github.com/rminnich/go9p/srv_srv.go:289.14,290.17 1 0
github.com/rminnich/go9p/srv_srv.go:292.13,293.16 1 1
github.com/rminnich/go9p/srv_srv.go:295.13,296.16 1 1
github.com/rminnich/go9p/srv_srv.go:298.15,299.18 1 0
github.com/rminnich/go9p/srv_srv.go:301.13,302.16 1 1
github.com/rminnich/go9p/srv_srv.go:304.14,305.17 1 1
github.com/rminnich/go9p/srv_srv.go:307.14,308.17 1 0
github.com/rminnich/go9p/srv_srv.go:310.15,311.18 1 0
github.com/rminnich/go9p/srv_srv.go:313.13,314.16 1 0
github.com/rminnich/go9p/srv_srv.go:316.14,317.17 1 0
github.com/rminnich/go9p/srv_srv.go:325.34,329.21 2 1
github.com/rminnich/go9p/srv_srv.go:330.13,331.20 1 0
github.com/rminnich/go9p/srv_srv.go:333.15,334.22 1 1
github.com/rminnich/go9p/srv_srv.go:336.13,337.20 1 1
github.com/rminnich/go9p/srv_srv.go:339.13,340.20 1 1
github.com/rminnich/go9p/srv_srv.go:342.15,343.22 1 0
github.com/rminnich/go9p/srv_srv.go:345.13,346.20 1 1
github.com/rminnich/go9p/srv_srv.go:348.14,349.21 1 0
github.com/rminnich/go9p/srv_srv.go:351.15,352.22 1 0
github.com/rminnich/go9p/srv_srv.go:355.2,355.20 1 1
github.com/rminnich/go9p/srv_srv.go:355.20,358.3 2 1
github.com/rminnich/go9p/srv_srv.go:360.2,360.21 1 1
github.com/rminnich/go9p/srv_srv.go:360.21,363.3 2 0
github.com/rminnich/go9p/srv_srv.go:365.2,365.23 1 1
github.com/rminnich/go9p/srv_srv.go:365.23,368.3 2 1
github.com/rminnich/go9p/srv_srv.go:375.30,385.34 8 1
github.com/rminnich/go9p/srv_srv.go:385.34,387.3 1 0
github.com/rminnich/go9p/srv_srv.go:390.2,392.20 3 1
github.com/rminnich/go9p/srv_srv.go:392.20,395.26 2 0
github.com/rminnich/go9p/srv_srv.go:395.26,398.41 3 0
github.com/rminnich/go9p/srv_srv.go:398.42,399.5 0 0
github.com/rminnich/go9p/srv_srv.go:401.4,401.16 1 0
github.com/rminnich/go9p/srv_srv.go:401.16,403.5 1 0
github.com/rminnich/go9p/srv_srv.go:403.10,405.5 1 0
github.com/rminnich/go9p/srv_srv.go:408.3,408.18 1 0
github.com/rminnich/go9p/srv_srv.go:409.8,412.3 2 1
github.com/rminnich/go9p/srv_srv.go:413.2,415.58 2 1
github.com/rminnich/go9p/srv_srv.go:415.58,417.3 1 0
github.com/rminnich/go9p/srv_srv.go:417.8,419.3 1 1
github.com/rminnich/go9p/srv_srv.go:421.2,421.30 1 1
github.com/rminnich/go9p/srv_srv.go:421.30,423.3 1 1
github.com/rminnich/go9p/srv_srv.go:426.2,426.20 1 1
github.com/rminnich/go9p/srv_srv.go:426.20,428.3 1 0
github.com/rminnich/go9p/srv_srv.go:433.2,433.59 1 1
github.com/rminnich/go9p/srv_srv.go:433.59,435.3 1 0
github.com/rminnich/go9p/srv_srv.go:440.28,445.2 4 0
github.com/rminnich/go9p/srv_srv.go:451.48,455.13 4 1
github.com/rminnich/go9p/srv_srv.go:455.13,457.3 1 1
github.com/rminnich/go9p/srv_srv.go:459.2,459.12 1 1
github.com/rminnich/go9p/srv_srv.go:465.48,468.13 3 1
github.com/rminnich/go9p/srv_srv.go:468.13,471.3 2 0
github.com/rminnich/go9p/srv_srv.go:473.2,480.12 7 1
github.com/rminnich/go9p/srv_srv.go:483.35,485.2 1 0
github.com/rminnich/go9p/srv_srv.go:488.29,492.2 3 1
github.com/rminnich/go9p/srv_srv.go:496.29,502.11 5 1
github.com/rminnich/go9p/srv_srv.go:502.11,504.3 1 1
github.com/rminnich/go9p/srv_srv.go:506.2,511.47 5 0
github.com/rminnich/go9p/srv_srv.go:511.47,513.3 1 0
github.com/rminnich/go9p/ufs.go:38.32,42.38 3 0
github.com/rminnich/go9p/ufs.go:42.38,44.3 1 0
github.com/rminnich/go9p/ufs.go:44.8,46.3 1 0
github.com/rminnich/go9p/ufs.go:48.2,48.29 1 0
github.com/rminnich/go9p/ufs.go:52.34,55.2 2 0
github.com/rminnich/go9p/ufs.go:58.33,61.2 2 0
github.com/rminnich/go9p/ufs.go:63.34,67.16 3 1
github.com/rminnich/go9p/ufs.go:67.16,69.3 1 0
github.com/rminnich/go9p/ufs.go:71.2,71.12 1 1
github.com/rminnich/go9p/ufs.go:74.35,76.18 2 1
github.com/rminnich/go9p/ufs.go:77.13,79.8 2 1
github.com/rminnich/go9p/ufs.go:81.13,83.8 2 1
github.com/rminnich/go9p/ufs.go:85.14,87.8 2 0
github.com/rminnich/go9p/ufs.go:89.13,91.8 2 0
github.com/rminnich/go9p/ufs.go:94.2,94.22 1 1
github.com/rminnich/go9p/ufs.go:94.22,96.3 1 0
github.com/rminnich/go9p/ufs.go:98.2,98.12 1 1
github.com/rminnich/go9p/ufs.go:101.34,109.2 5 1
github.com/rminnich/go9p/ufs.go:111.39,113.15 2 1
github.com/rminnich/go9p/ufs.go:113.15,115.3 1 1
github.com/rminnich/go9p/ufs.go:117.2,117.34 1 1
github.com/rminnich/go9p/ufs.go:117.34,119.3 1 1
github.com/rminnich/go9p/ufs.go:121.2,121.12 1 1
github.com/rminnich/go9p/ufs.go:124.50,126.15 2 1
github.com/rminnich/go9p/ufs.go:126.15,128.3 1 0
github.com/rminnich/go9p/ufs.go:130.2,130.10 1 1
github.com/rminnich/go9p/ufs.go:130.10,132.31 2 0
github.com/rminnich/go9p/ufs.go:132.31,134.4 1 0
github.com/rminnich/go9p/ufs.go:136.3,136.30 1 0
github.com/rminnich/go9p/ufs.go:136.30,138.4 1 0
github.com/rminnich/go9p/ufs.go:140.3,140.33 1 0
github.com/rminnich/go9p/ufs.go:140.33,142.4 1 0
github.com/rminnich/go9p/ufs.go:144.3,144.30 1 0
github.com/rminnich/go9p/ufs.go:144.30,146.4 1 0
github.com/rminnich/go9p/ufs.go:148.3,148.30 1 0
github.com/rminnich/go9p/ufs.go:148.30,150.4 1 0
github.com/rminnich/go9p/ufs.go:152.3,152.30 1 0
github.com/rminnich/go9p/ufs.go:152.30,154.4 1 0
github.com/rminnich/go9p/ufs.go:157.2,157.12 1 1
github.com/rminnich/go9p/ufs.go:166.80,167.30 1 1
github.com/rminnich/go9p/ufs.go:167.30,170.3 2 0
github.com/rminnich/go9p/ufs.go:171.2,172.18 2 1
github.com/rminnich/go9p/ufs.go:172.18,174.3 1 0
github.com/rminnich/go9p/ufs.go:175.2,185.10 9 1
github.com/rminnich/go9p/ufs.go:185.10,188.3 2 0
github.com/rminnich/go9p/ufs.go:190.2,198.16 6 1
github.com/rminnich/go9p/ufs.go:198.16,200.3 1 1
github.com/rminnich/go9p/ufs.go:201.2,202.16 2 1
github.com/rminnich/go9p/ufs.go:202.16,204.3 1 0
github.com/rminnich/go9p/ufs.go:207.2,207.47 1 1
github.com/rminnich/go9p/ufs.go:207.47,209.17 2 0
github.com/rminnich/go9p/ufs.go:209.17,211.4 1 0
github.com/rminnich/go9p/ufs.go:213.2,213.22 1 1
github.com/rminnich/go9p/ufs.go:216.91,220.19 4 0
github.com/rminnich/go9p/ufs.go:220.19,222.3 1 0
github.com/rminnich/go9p/ufs.go:224.2,225.19 2 0
github.com/rminnich/go9p/ufs.go:225.19,227.3 1 0
github.com/rminnich/go9p/ufs.go:228.2,233.34 6 0
github.com/rminnich/go9p/ufs.go:233.34,236.17 3 0
github.com/rminnich/go9p/ufs.go:236.17,238.4 1 0
github.com/rminnich/go9p/ufs.go:239.8,239.23 1 0
github.com/rminnich/go9p/ufs.go:239.23,241.3 1 0
github.com/rminnich/go9p/ufs.go:241.8,241.22 1 0
github.com/rminnich/go9p/ufs.go:241.22,243.3 1 0
github.com/rminnich/go9p/ufs.go:246.36,247.29 1 1
github.com/rminnich/go9p/ufs.go:247.29,249.3 1 0
github.com/rminnich/go9p/ufs.go:252.36,253.29 1 1
github.com/rminnich/go9p/ufs.go:253.29,255.3 1 0
github.com/rminnich/go9p/ufs.go:258.38,261.21 2 1
github.com/rminnich/go9p/ufs.go:261.21,263.3 1 0
github.com/rminnich/go9p/ufs.go:265.2,266.21 2 1
github.com/rminnich/go9p/ufs.go:266.21,268.3 1 1
github.com/rminnich/go9p/ufs.go:271.37,272.21 1 1
github.com/rminnich/go9p/ufs.go:272.21,275.3 2 0
github.com/rminnich/go9p/ufs.go:277.2,286.16 6 1
github.com/rminnich/go9p/ufs.go:286.16,289.3 2 0
github.com/rminnich/go9p/ufs.go:291.2,292.25 2 1
github.com/rminnich/go9p/ufs.go:295.33,295.34 0 0
github.com/rminnich/go9p/ufs.go:297.31,302.16 4 1
github.com/rminnich/go9p/ufs.go:302.16,305.3 2 0
github.com/rminnich/go9p/ufs.go:307.2,307.27 1 1
github.com/rminnich/go9p/ufs.go:307.27,309.3 1 1
github.com/rminnich/go9p/ufs.go:311.2,315.31 5 1
github.com/rminnich/go9p/ufs.go:315.31,318.17 3 1
github.com/rminnich/go9p/ufs.go:318.17,319.14 1 0
github.com/rminnich/go9p/ufs.go:319.14,322.5 2 0
github.com/rminnich/go9p/ufs.go:324.4,324.9 1 0
github.com/rminnich/go9p/ufs.go:327.3,328.11 2 1
github.com/rminnich/go9p/ufs.go:331.2,332.30 2 1
github.com/rminnich/go9p/ufs.go:335.31,339.16 4 1
github.com/rminnich/go9p/ufs.go:339.16,342.3 2 0
github.com/rminnich/go9p/ufs.go:344.2,346.14 3 1
github.com/rminnich/go9p/ufs.go:346.14,349.3 2 0
github.com/rminnich/go9p/ufs.go:351.2,351.38 1 1
github.com/rminnich/go9p/ufs.go:354.33,358.16 4 0
github.com/rminnich/go9p/ufs.go:358.16,361.3 2 0
github.com/rminnich/go9p/ufs.go:363.2,366.9 4 0
github.com/rminnich/go9p/ufs.go:367.26,368.48 1 0
github.com/rminnich/go9p/ufs.go:370.30,371.31 1 0
github.com/rminnich/go9p/ufs.go:373.27,375.15 2 0
github.com/rminnich/go9p/ufs.go:375.15,376.9 1 0
github.com/rminnich/go9p/ufs.go:379.3,380.18 2 0
github.com/rminnich/go9p/ufs.go:380.18,383.4 2 0
github.com/rminnich/go9p/ufs.go:385.3,386.16 2 0
github.com/rminnich/go9p/ufs.go:388.32,388.32 0 0
github.com/rminnich/go9p/ufs.go:389.29,391.9 2 0
github.com/rminnich/go9p/ufs.go:393.10,395.20 2 0
github.com/rminnich/go9p/ufs.go:395.20,396.28 1 0
github.com/rminnich/go9p/ufs.go:396.28,398.5 1 0
github.com/rminnich/go9p/ufs.go:399.4,399.28 1 0
github.com/rminnich/go9p/ufs.go:399.28,401.5 1 0
github.com/rminnich/go9p/ufs.go:403.3,403.84 1 0
github.com/rminnich/go9p/ufs.go:406.2,406.29 1 0
github.com/rminnich/go9p/ufs.go:406.29,408.3 1 0
github.com/rminnich/go9p/ufs.go:410.2,410.14 1 0
github.com/rminnich/go9p/ufs.go:410.14,413.3 2 0
github.com/rminnich/go9p/ufs.go:415.2,418.16 4 0
github.com/rminnich/go9p/ufs.go:418.16,421.3 2 0
github.com/rminnich/go9p/ufs.go:423.2,423.40 1 0
github.com/rminnich/go9p/ufs.go:426.31,431.16 5 1
github.com/rminnich/go9p/ufs.go:431.16,434.3 2 0
github.com/rminnich/go9p/ufs.go:436.2,439.20 4 1
github.com/rminnich/go9p/ufs.go:439.20,440.21 1 1
github.com/rminnich/go9p/ufs.go:440.21,445.85 3 1
github.com/rminnich/go9p/ufs.go:445.85,448.5 2 0
github.com/rminnich/go9p/ufs.go:450.4,450.52 1 1
github.com/rminnich/go9p/ufs.go:450.52,453.5 2 0
github.com/rminnich/go9p/ufs.go:455.4,457.39 3 1
github.com/rminnich/go9p/ufs.go:457.39,460.18 3 1
github.com/rminnich/go9p/ufs.go:460.18,461.14 1 0
github.com/rminnich/go9p/ufs.go:463.5,466.51 4 1
github.com/rminnich/go9p/ufs.go:470.3,470.10 1 1
github.com/rminnich/go9p/ufs.go:471.45,472.13 1 0
github.com/rminnich/go9p/ufs.go:473.53,474.25 1 1
github.com/rminnich/go9p/ufs.go:475.11,476.40 1 1
github.com/rminnich/go9p/ufs.go:479.3,479.15 1 1
github.com/rminnich/go9p/ufs.go:479.15,481.37 2 1
github.com/rminnich/go9p/ufs.go:481.37,482.55 1 1
github.com/rminnich/go9p/ufs.go:482.55,483.21 1 1
github.com/rminnich/go9p/ufs.go:483.21,485.7 1 1
github.com/rminnich/go9p/ufs.go:485.12,487.7 1 1
github.com/rminnich/go9p/ufs.go:490.4,490.79 1 1
github.com/rminnich/go9p/ufs.go:490.79,493.5 2 1
github.com/rminnich/go9p/ufs.go:496.3,496.61 1 1
github.com/rminnich/go9p/ufs.go:498.8,500.30 2 0
github.com/rminnich/go9p/ufs.go:500.30,503.4 2 0
github.com/rminnich/go9p/ufs.go:507.2,508.15 2 1
github.com/rminnich/go9p/ufs.go:511.32,515.16 4 0
github.com/rminnich/go9p/ufs.go:515.16,518.3 2 0
github.com/rminnich/go9p/ufs.go:520.2,521.14 2 0
github.com/rminnich/go9p/ufs.go:521.14,524.3 2 0
github.com/rminnich/go9p/ufs.go:526.2,526.30 1 0
github.com/rminnich/go9p/ufs.go:529.32,529.55 1 0
github.com/rminnich/go9p/ufs.go:531.33,534.16 3 0
github.com/rminnich/go9p/ufs.go:534.16,537.3 2 0
github.com/rminnich/go9p/ufs.go:539.2,540.14 2 0
github.com/rminnich/go9p/ufs.go:540.14,543.3 2 0
github.com/rminnich/go9p/ufs.go:545.2,545.22 1 0
github.com/rminnich/go9p/ufs.go:548.31,551.16 3 0
github.com/rminnich/go9p/ufs.go:551.16,554.3 2 0
github.com/rminnich/go9p/ufs.go:556.2,557.15 2 0
github.com/rminnich/go9p/ufs.go:557.15,560.3 2 0
github.com/rminnich/go9p/ufs.go:562.2,562.22 1 0
github.com/rminnich/go9p/ufs.go:565.54,566.15 1 0
github.com/rminnich/go9p/ufs.go:566.15,568.3 1 0
github.com/rminnich/go9p/ufs.go:569.2,570.14 2 0
github.com/rminnich/go9p/ufs.go:570.14,572.3 1 0
github.com/rminnich/go9p/ufs.go:573.2,574.11 2 0
github.com/rminnich/go9p/ufs.go:574.11,576.3 1 0
github.com/rminnich/go9p/ufs.go:577.2,578.14 2 0
github.com/rminnich/go9p/ufs.go:578.14,580.3 1 0
github.com/rminnich/go9p/ufs.go:581.2,581.23 1 0
github.com/rminnich/go9p/ufs.go:584.34,587.16 3 0
github.com/rminnich/go9p/ufs.go:587.16,590.3 2 0
github.com/rminnich/go9p/ufs.go:592.2,593.28 2 0
github.com/rminnich/go9p/ufs.go:593.28,595.20 2 0
github.com/rminnich/go9p/ufs.go:595.20,596.29 1 0
github.com/rminnich/go9p/ufs.go:596.29,598.5 1 0
github.com/rminnich/go9p/ufs.go:599.4,599.29 1 0
github.com/rminnich/go9p/ufs.go:599.29,601.5 1 0
github.com/rminnich/go9p/ufs.go:603.3,604.15 2 0
github.com/rminnich/go9p/ufs.go:604.15,607.4 2 0
github.com/rminnich/go9p/ufs.go:610.2,611.19 2 0
github.com/rminnich/go9p/ufs.go:611.19,614.3 2 0
github.com/rminnich/go9p/ufs.go:617.2,617.56 1 0
github.com/rminnich/go9p/ufs.go:617.56,619.17 2 0
github.com/rminnich/go9p/ufs.go:619.17,622.4 2 0
github.com/rminnich/go9p/ufs.go:627.3,628.17 2 0
github.com/rminnich/go9p/ufs.go:628.17,631.4 2 0
github.com/rminnich/go9p/ufs.go:634.2,634.34 1 0
github.com/rminnich/go9p/ufs.go:634.34,636.15 2 0
github.com/rminnich/go9p/ufs.go:636.15,639.4 2 0
github.com/rminnich/go9p/ufs.go:642.2,642.20 1 0
github.com/rminnich/go9p/ufs.go:642.20,647.25 3 0
github.com/rminnich/go9p/ufs.go:647.25,650.4 2 0
github.com/rminnich/go9p/ufs.go:650.9,654.4 3 0
github.com/rminnich/go9p/ufs.go:655.3,657.17 3 0
github.com/rminnich/go9p/ufs.go:657.17,660.4 2 0
github.com/rminnich/go9p/ufs.go:661.3,661.22 1 0
github.com/rminnich/go9p/ufs.go:664.2,664.38 1 0
github.com/rminnich/go9p/ufs.go:664.38,666.15 2 0
github.com/rminnich/go9p/ufs.go:666.15,669.4 2 0
github.com/rminnich/go9p/ufs.go:674.2,674.56 1 0
github.com/rminnich/go9p/ufs.go:674.56,676.83 2 0
github.com/rminnich/go9p/ufs.go:676.83,678.16 2 0
github.com/rminnich/go9p/ufs.go:678.16,681.5 2 0
github.com/rminnich/go9p/ufs.go:682.4,682.15 1 0
github.com/rminnich/go9p/ufs.go:683.14,684.22 1 0
github.com/rminnich/go9p/ufs.go:685.12,685.12 0 0
github.com/rminnich/go9p/ufs.go:689.3,690.15 2 0
github.com/rminnich/go9p/ufs.go:690.15,693.4 2 0
github.com/rminnich/go9p/ufs.go:696.2,696.21 1 0
github.com/rminnich/go9p/unpack.go:14.69,17.18 2 1
github.com/rminnich/go9p/unpack.go:17.18,19.3 1 0
github.com/rminnich/go9p/unpack.go:21.2,31.44 9 1
github.com/rminnich/go9p/unpack.go:31.44,36.3 1 0
github.com/rminnich/go9p/unpack.go:38.2,41.44 4 1
github.com/rminnich/go9p/unpack.go:41.44,43.3 1 0
github.com/rminnich/go9p/unpack.go:45.2,46.10 2 1
github.com/rminnich/go9p/unpack.go:46.10,48.3 1 1
github.com/rminnich/go9p/unpack.go:48.8,50.3 1 1
github.com/rminnich/go9p/unpack.go:52.2,52.18 1 1
github.com/rminnich/go9p/unpack.go:52.18,53.15 1 0
github.com/rminnich/go9p/unpack.go:56.2,57.17 2 1
github.com/rminnich/go9p/unpack.go:58.10,59.54 1 0
github.com/rminnich/go9p/unpack.go:61.26,64.15 3 1
github.com/rminnich/go9p/unpack.go:64.15,65.16 1 0
github.com/rminnich/go9p/unpack.go:68.13,71.15 3 0
github.com/rminnich/go9p/unpack.go:71.15,72.16 1 0
github.com/rminnich/go9p/unpack.go:75.3,76.15 2 0
github.com/rminnich/go9p/unpack.go:76.15,77.16 1 0
github.com/rminnich/go9p/unpack.go:80.3,80.11 1 0
github.com/rminnich/go9p/unpack.go:80.11,81.18 1 0
github.com/rminnich/go9p/unpack.go:81.18,83.5 1 0
github.com/rminnich/go9p/unpack.go:83.10,85.5 1 0
github.com/rminnich/go9p/unpack.go:86.9,88.4 1 0
github.com/rminnich/go9p/unpack.go:90.22,91.23 1 1
github.com/rminnich/go9p/unpack.go:93.14,94.27 1 0
github.com/rminnich/go9p/unpack.go:96.15,100.15 4 1
github.com/rminnich/go9p/unpack.go:100.15,101.16 1 0
github.com/rminnich/go9p/unpack.go:104.3,105.15 2 1
github.com/rminnich/go9p/unpack.go:105.15,106.16 1 0
github.com/rminnich/go9p/unpack.go:109.3,109.11 1 1
github.com/rminnich/go9p/unpack.go:109.11,110.18 1 0
github.com/rminnich/go9p/unpack.go:110.18,112.5 1 0
github.com/rminnich/go9p/unpack.go:112.10,114.5 1 0
github.com/rminnich/go9p/unpack.go:117.14,119.15 2 1
github.com/rminnich/go9p/unpack.go:119.15,120.16 1 0
github.com/rminnich/go9p/unpack.go:122.3,122.11 1 1
github.com/rminnich/go9p/unpack.go:122.11,124.4 1 0
github.com/rminnich/go9p/unpack.go:124.9,126.4 1 1
github.com/rminnich/go9p/unpack.go:128.13,133.31 5 1
github.com/rminnich/go9p/unpack.go:133.31,135.16 2 1
github.com/rminnich/go9p/unpack.go:135.16,136.17 1 0
github.com/rminnich/go9p/unpack.go:140.13,143.31 3 1
github.com/rminnich/go9p/unpack.go:143.31,145.4 1 1
github.com/rminnich/go9p/unpack.go:147.13,149.24 2 1
github.com/rminnich/go9p/unpack.go:151.22,153.27 2 1
github.com/rminnich/go9p/unpack.go:155.15,158.15 3 0
github.com/rminnich/go9p/unpack.go:158.15,159.16 1 0
github.com/rminnich/go9p/unpack.go:161.3,163.11 3 0
github.com/rminnich/go9p/unpack.go:163.11,165.16 2 0
github.com/rminnich/go9p/unpack.go:165.16,166.17 1 0
github.com/rminnich/go9p/unpack.go:170.13,173.26 3 1
github.com/rminnich/go9p/unpack.go:175.13,177.29 2 1
github.com/rminnich/go9p/unpack.go:177.29,178.16 1 0
github.com/rminnich/go9p/unpack.go:180.3,181.19 2 1
github.com/rminnich/go9p/unpack.go:183.14,187.30 4 1
github.com/rminnich/go9p/unpack.go:187.30,191.4 3 0
github.com/rminnich/go9p/unpack.go:191.9,194.4 2 1
github.com/rminnich/go9p/unpack.go:196.14,197.26 1 1
github.com/rminnich/go9p/unpack.go:199.30,200.24 1 0
github.com/rminnich/go9p/unpack.go:202.13,205.17 3 0
github.com/rminnich/go9p/unpack.go:205.17,207.4 1 0
github.com/rminnich/go9p/unpack.go:209.14,212.33 3 0
github.com/rminnich/go9p/unpack.go:214.39,214.39 0 0
github.com/rminnich/go9p/unpack.go:217.2,217.16 1 1
github.com/rminnich/go9p/unpack.go:217.16,218.15 1 0
github.com/rminnich/go9p/unpack.go:221.2,223.1 2 1
github.com/rminnich/go9p/unpack.go:224.2,224.47 1 0
